Reading pref.tcl

# 2023.2_2

# vsim -postsimdataflow -debugdb -c -voptargs=""+acc"" tb -do "modelsim_framework.do" -gOUTPUT_TRACE=ms.trace 
# Start time: 16:53:52 on Oct 19,2023
# ** Note: (vsim-3812) Design is being optimized...
# ** Note: (vsim-8611) Generating debug db.
# ** Warning: (vopt-10587) Some optimizations are turned off because the +acc switch is in effect. This will cause your simulation to run slowly. Please use -access/-debug to maintain needed visibility.
# ** Note: (vopt-4301) Memory core inferred for signal 'ram' width=32, depth=1024, type=RAM at location proj/src/TopLevel/mem.vhd:35
# ** Note: (vsim-12126) Error and warning message counts have been restored: Errors=0, Warnings=1.
# //  Questa Sim-64
# //  Version 2023.2_2 linux_x86_64 Jun  9 2023
# //
# //  Copyright 1991-2023 Mentor Graphics Corporation
# //  All Rights Reserved.
# //
# //  QuestaSim and its associated documentation contain trade
# //  secrets and commercial or financial information that are the property of
# //  Mentor Graphics Corporation and are privileged, confidential,
# //  and exempt from disclosure under the Freedom of Information Act,
# //  5 U.S.C. Section 552. Furthermore, this information
# //  is prohibited from disclosure under the Trade Secrets Act,
# //  18 U.S.C. Section 1905.
# //
# Loading std.standard
# Loading std.textio(body)
# Loading ieee.std_logic_1164(body)
# Loading ieee.std_logic_textio(body)
# Loading std.env(body)
# Loading work.tb(mixed)#1
# Loading work.mips_types(body)
# Loading work.mips_processor(structure)#1
# Loading ieee.numeric_std(body)
# Loading work.mem(rtl)#1
# Loading work.regfile(structural)#1
# Loading ieee.std_logic_arith(body)
# Loading ieee.std_logic_unsigned(body)
# Loading work.decoder5x32(dataflow)#1
# Loading work.reg_n(structural)#1
# Loading work.dffg(mixed)#1
# Loading work.mux32x1(dataflow)#1
# Loading work.mux2t1_n(structural)#1
# Loading work.mux2t1(structure)#1
# Loading work.invg(dataflow)#1
# Loading work.andg2(dataflow)#1
# Loading work.org2(dataflow)#1
# Loading work.controlunit(behavioral)#1
# Loading work.signextender(behavioral)#1
# Loading work.zeroextender(behavioral)#1
# Loading work.mux2t1_n(structural)#2
# Loading work.alu(structural)#1
# Loading work.add(dataflow)#1
# Loading work.addu(dataflow)#1
# Loading work.sub(dataflow)#1
# Loading work.subu(dataflow)#1
# Loading work.andg(dataflow)#1
# Loading work.norg(dataflow)#1
# Loading work.xorg(dataflow)#1
# Loading work.org(dataflow)#1
# Loading work.slt(dataflow)#1
# Loading work.barrel_shifter(dataflow)#1
# Loading work.lui(dataflow)#1
# Loading work.mux16t1_32bit(dataflow)#1
# Loading work.mux16t1(dataflow)#1
# Loading work.add4(dataflow)#1
# Loading work.sll2_32bits(dataflow)#1
# Loading work.adder_32bits(dataflow)#1
# ** Note: (vsim-8900) Creating design debug database vsim.dbg.
# do modelsim_framework.do
# ** Warning: There is an 'U'|'X'|'W'|'Z'|'-' in an arithmetic operand, the result will be 'X'(es).
#    Time: 0 ns  Iteration: 0  Instance: /tb/MyMips/BranchAddressAdder
# ** Warning: There is an 'U'|'X'|'W'|'Z'|'-' in an arithmetic operand, the result will be 'X'(es).
#    Time: 0 ns  Iteration: 0  Instance: /tb/MyMips/BranchAddressAdder
# ** Warning: There is an 'U'|'X'|'W'|'Z'|'-' in an arithmetic operand, the result will be 'X'(es).
#    Time: 0 ns  Iteration: 0  Instance: /tb/MyMips/PCFourAdder
# ** Warning: There is an 'U'|'X'|'W'|'Z'|'-' in an arithmetic operand, the result will be 'X'(es).
#    Time: 0 ns  Iteration: 0  Instance: /tb/MyMips/PCFourAdder
# ** Warning: There is an 'U'|'X'|'W'|'Z'|'-' in an arithmetic operand, the result will be 'X'(es).
#    Time: 0 ns  Iteration: 0  Instance: /tb/MyMips/ArithmeticLogicUnit/SetLessThan
# ** Warning: There is an 'U'|'X'|'W'|'Z'|'-' in an arithmetic operand, the result will be 'X'(es).
#    Time: 0 ns  Iteration: 0  Instance: /tb/MyMips/ArithmeticLogicUnit/SetLessThan
# ** Warning: There is an 'U'|'X'|'W'|'Z'|'-' in an arithmetic operand, the result will be 'X'(es).
#    Time: 0 ns  Iteration: 0  Instance: /tb/MyMips/ArithmeticLogicUnit/SubtractorU
# ** Warning: There is an 'U'|'X'|'W'|'Z'|'-' in an arithmetic operand, the result will be 'X'(es).
#    Time: 0 ns  Iteration: 0  Instance: /tb/MyMips/ArithmeticLogicUnit/SubtractorU
# ** Warning: There is an 'U'|'X'|'W'|'Z'|'-' in an arithmetic operand, the result will be 'X'(es).
#    Time: 0 ns  Iteration: 0  Instance: /tb/MyMips/ArithmeticLogicUnit/Subtractor
# ** Warning: There is an 'U'|'X'|'W'|'Z'|'-' in an arithmetic operand, the result will be 'X'(es).
#    Time: 0 ns  Iteration: 0  Instance: /tb/MyMips/ArithmeticLogicUnit/Subtractor
# ** Warning: There is an 'U'|'X'|'W'|'Z'|'-' in an arithmetic operand, the result will be 'X'(es).
#    Time: 0 ns  Iteration: 0  Instance: /tb/MyMips/ArithmeticLogicUnit/Subtractor
# ** Warning: There is an 'U'|'X'|'W'|'Z'|'-' in an arithmetic operand, the result will be 'X'(es).
#    Time: 0 ns  Iteration: 0  Instance: /tb/MyMips/ArithmeticLogicUnit/Subtractor
# ** Warning: There is an 'U'|'X'|'W'|'Z'|'-' in an arithmetic operand, the result will be 'X'(es).
#    Time: 0 ns  Iteration: 0  Instance: /tb/MyMips/ArithmeticLogicUnit/AdderU
# ** Warning: There is an 'U'|'X'|'W'|'Z'|'-' in an arithmetic operand, the result will be 'X'(es).
#    Time: 0 ns  Iteration: 0  Instance: /tb/MyMips/ArithmeticLogicUnit/AdderU
# ** Warning: There is an 'U'|'X'|'W'|'Z'|'-' in an arithmetic operand, the result will be 'X'(es).
#    Time: 0 ns  Iteration: 0  Instance: /tb/MyMips/ArithmeticLogicUnit/Adder
# ** Warning: There is an 'U'|'X'|'W'|'Z'|'-' in an arithmetic operand, the result will be 'X'(es).
#    Time: 0 ns  Iteration: 0  Instance: /tb/MyMips/ArithmeticLogicUnit/Adder
# ** Warning: There is an 'U'|'X'|'W'|'Z'|'-' in an arithmetic operand, the result will be 'X'(es).
#    Time: 0 ns  Iteration: 0  Instance: /tb/MyMips/ArithmeticLogicUnit/Adder
# ** Warning: There is an 'U'|'X'|'W'|'Z'|'-' in an arithmetic operand, the result will be 'X'(es).
#    Time: 0 ns  Iteration: 0  Instance: /tb/MyMips/ArithmeticLogicUnit/Adder
# ** Warning: NUMERIC_STD.TO_INTEGER: metavalue detected, returning 0
#    Time: 0 ns  Iteration: 0  Instance: /tb/MyMips/RegisterFile/Mux2
# ** Warning: NUMERIC_STD.TO_INTEGER: metavalue detected, returning 0
#    Time: 0 ns  Iteration: 0  Instance: /tb/MyMips/RegisterFile/Mux1
# ** Warning: NUMERIC_STD.TO_INTEGER: metavalue detected, returning 0
#    Time: 0 ns  Iteration: 0  Instance: /tb/MyMips/DMem
# ** Warning: NUMERIC_STD.TO_INTEGER: metavalue detected, returning 0
#    Time: 0 ns  Iteration: 0  Instance: /tb/MyMips/IMem
# ** Warning: There is an 'U'|'X'|'W'|'Z'|'-' in an arithmetic operand, the result will be 'X'(es).
#    Time: 0 ns  Iteration: 1  Instance: /tb/MyMips/BranchAddressAdder
# ** Warning: There is an 'U'|'X'|'W'|'Z'|'-' in an arithmetic operand, the result will be 'X'(es).
#    Time: 0 ns  Iteration: 1  Instance: /tb/MyMips/BranchAddressAdder
# ** Warning: There is an 'U'|'X'|'W'|'Z'|'-' in an arithmetic operand, the result will be 'X'(es).
#    Time: 0 ns  Iteration: 1  Instance: /tb/MyMips/PCFourAdder
# ** Warning: There is an 'U'|'X'|'W'|'Z'|'-' in an arithmetic operand, the result will be 'X'(es).
#    Time: 0 ns  Iteration: 3  Instance: /tb/MyMips/ArithmeticLogicUnit/Adder
# ** Warning: There is an 'U'|'X'|'W'|'Z'|'-' in an arithmetic operand, the result will be 'X'(es).
#    Time: 0 ns  Iteration: 3  Instance: /tb/MyMips/ArithmeticLogicUnit/Adder
# ** Warning: There is an 'U'|'X'|'W'|'Z'|'-' in an arithmetic operand, the result will be 'X'(es).
#    Time: 0 ns  Iteration: 3  Instance: /tb/MyMips/ArithmeticLogicUnit/AdderU
# ** Warning: There is an 'U'|'X'|'W'|'Z'|'-' in an arithmetic operand, the result will be 'X'(es).
#    Time: 0 ns  Iteration: 3  Instance: /tb/MyMips/ArithmeticLogicUnit/Subtractor
# ** Warning: There is an 'U'|'X'|'W'|'Z'|'-' in an arithmetic operand, the result will be 'X'(es).
#    Time: 0 ns  Iteration: 3  Instance: /tb/MyMips/ArithmeticLogicUnit/Subtractor
# ** Warning: There is an 'U'|'X'|'W'|'Z'|'-' in an arithmetic operand, the result will be 'X'(es).
#    Time: 0 ns  Iteration: 3  Instance: /tb/MyMips/ArithmeticLogicUnit/SubtractorU
# ** Warning: There is an 'U'|'X'|'W'|'Z'|'-' in an arithmetic operand, the result will be 'X'(es).
#    Time: 0 ns  Iteration: 3  Instance: /tb/MyMips/ArithmeticLogicUnit/SetLessThan
# ** Warning: NUMERIC_STD.TO_INTEGER: metavalue detected, returning 0
#    Time: 0 ns  Iteration: 5  Instance: /tb/MyMips/DMem
# ** Warning: There is an 'U'|'X'|'W'|'Z'|'-' in an arithmetic operand, the result will be 'X'(es).
#    Time: 0 ns  Iteration: 5  Instance: /tb/MyMips/BranchAddressAdder
# ** Warning: There is an 'U'|'X'|'W'|'Z'|'-' in an arithmetic operand, the result will be 'X'(es).
#    Time: 0 ns  Iteration: 5  Instance: /tb/MyMips/BranchAddressAdder
# ** Warning: There is an 'U'|'X'|'W'|'Z'|'-' in an arithmetic operand, the result will be 'X'(es).
#    Time: 0 ns  Iteration: 6  Instance: /tb/MyMips/BranchAddressAdder
# ** Warning: There is an 'U'|'X'|'W'|'Z'|'-' in an arithmetic operand, the result will be 'X'(es).
#    Time: 0 ns  Iteration: 7  Instance: /tb/MyMips/ArithmeticLogicUnit/SetLessThan
# ** Warning: There is an 'U'|'X'|'W'|'Z'|'-' in an arithmetic operand, the result will be 'X'(es).
#    Time: 0 ns  Iteration: 7  Instance: /tb/MyMips/ArithmeticLogicUnit/SubtractorU
# ** Warning: There is an 'U'|'X'|'W'|'Z'|'-' in an arithmetic operand, the result will be 'X'(es).
#    Time: 0 ns  Iteration: 7  Instance: /tb/MyMips/ArithmeticLogicUnit/Subtractor
# ** Warning: There is an 'U'|'X'|'W'|'Z'|'-' in an arithmetic operand, the result will be 'X'(es).
#    Time: 0 ns  Iteration: 7  Instance: /tb/MyMips/ArithmeticLogicUnit/Subtractor
# ** Warning: There is an 'U'|'X'|'W'|'Z'|'-' in an arithmetic operand, the result will be 'X'(es).
#    Time: 0 ns  Iteration: 7  Instance: /tb/MyMips/ArithmeticLogicUnit/AdderU
# ** Warning: There is an 'U'|'X'|'W'|'Z'|'-' in an arithmetic operand, the result will be 'X'(es).
#    Time: 0 ns  Iteration: 7  Instance: /tb/MyMips/ArithmeticLogicUnit/Adder
# ** Warning: There is an 'U'|'X'|'W'|'Z'|'-' in an arithmetic operand, the result will be 'X'(es).
#    Time: 0 ns  Iteration: 7  Instance: /tb/MyMips/ArithmeticLogicUnit/Adder
# ** Note: Data structure takes 56147080 bytes of memory
#          Process time 0.12 seconds
#          stop
#    Time: 240 ns  Iteration: 1  Instance: /tb
# Break in Process P_DUMP_STATE at /home/scurlock/CprE381/Proj1/cpre381-toolflow/internal/testpy/tb.vhd line 150
# Stopped at /home/scurlock/CprE381/Proj1/cpre381-toolflow/internal/testpy/tb.vhd line 150
# End time: 16:53:54 on Oct 19,2023, Elapsed time: 0:00:02
# Errors: 0, Warnings: 44
