[inst #1] lui $1,4097
Register Write to Reg: 0x01 Val: 0x10010000
[inst #2] nop 
[inst #3] nop 
[inst #4] nop 
[inst #5] ori $8,$1,0
Register Write to Reg: 0x08 Val: 0x10010000
[inst #6] nop 
[inst #7] nop 
[inst #8] nop 
[inst #9] add $4,$8,$0
Register Write to Reg: 0x04 Val: 0x10010000
[inst #10] lw $9,24($1)
Register Write to Reg: 0x09 Val: 0x00000006
[inst #11] addiu $24,$0,4
Register Write to Reg: 0x18 Val: 0x00000004
[inst #12] addiu $25,$0,1
Register Write to Reg: 0x19 Val: 0x00000001
[inst #13] addiu $10,$0,0
Register Write to Reg: 0x0A Val: 0x00000000
[inst #14] addiu $25,$0,0
Register Write to Reg: 0x19 Val: 0x00000000
[inst #15] nop 
[inst #16] sll $11,$10,2
Register Write to Reg: 0x0B Val: 0x00000000
[inst #17] nop 
[inst #18] nop 
[inst #19] nop 
[inst #20] add $12,$4,$11
Register Write to Reg: 0x0C Val: 0x10010000
[inst #21] nop 
[inst #22] nop 
[inst #23] nop 
[inst #24] add $13,$12,$24
Register Write to Reg: 0x0D Val: 0x10010004
[inst #25] lw $14,0($12)
Register Write to Reg: 0x0E Val: 0x00000005
[inst #26] nop 
[inst #27] nop 
[inst #28] lw $15,0($13)
Register Write to Reg: 0x0F Val: 0x00000002
[inst #29] nop 
[inst #30] nop 
[inst #31] nop 
[inst #32] slt $1,$15,$14
Register Write to Reg: 0x01 Val: 0x00000001
[inst #33] nop 
[inst #34] nop 
[inst #35] nop 
[inst #36] beq $1,$0,4
[inst #37] nop 
[inst #38] sw $14,0($13)
Memory Write to Addr: 0x10010004 Val: 0x00000005
[inst #39] sw $15,0($12)
Memory Write to Addr: 0x10010000 Val: 0x00000002
[inst #40] addiu $25,$0,1
Register Write to Reg: 0x19 Val: 0x00000001
[inst #41] addi $10,$10,1
Register Write to Reg: 0x0A Val: 0x00000001
[inst #42] nop 
[inst #43] nop 
[inst #44] nop 
[inst #45] bne $10,$9,-30
[inst #46] sll $11,$10,2
Register Write to Reg: 0x0B Val: 0x00000004
[inst #47] nop 
[inst #48] nop 
[inst #49] nop 
[inst #50] add $12,$4,$11
Register Write to Reg: 0x0C Val: 0x10010004
[inst #51] nop 
[inst #52] nop 
[inst #53] nop 
[inst #54] add $13,$12,$24
Register Write to Reg: 0x0D Val: 0x10010008
[inst #55] lw $14,0($12)
Register Write to Reg: 0x0E Val: 0x00000005
[inst #56] nop 
[inst #57] nop 
[inst #58] lw $15,0($13)
Register Write to Reg: 0x0F Val: 0x00000009
[inst #59] nop 
[inst #60] nop 
[inst #61] nop 
[inst #62] slt $1,$15,$14
Register Write to Reg: 0x01 Val: 0x00000000
[inst #63] nop 
[inst #64] nop 
[inst #65] nop 
[inst #66] beq $1,$0,4
[inst #67] addi $10,$10,1
Register Write to Reg: 0x0A Val: 0x00000002
[inst #68] nop 
[inst #69] nop 
[inst #70] nop 
[inst #71] bne $10,$9,-30
[inst #72] sll $11,$10,2
Register Write to Reg: 0x0B Val: 0x00000008
[inst #73] nop 
[inst #74] nop 
[inst #75] nop 
[inst #76] add $12,$4,$11
Register Write to Reg: 0x0C Val: 0x10010008
[inst #77] nop 
[inst #78] nop 
[inst #79] nop 
[inst #80] add $13,$12,$24
Register Write to Reg: 0x0D Val: 0x1001000C
[inst #81] lw $14,0($12)
Register Write to Reg: 0x0E Val: 0x00000009
[inst #82] nop 
[inst #83] nop 
[inst #84] lw $15,0($13)
Register Write to Reg: 0x0F Val: 0x00000001
[inst #85] nop 
[inst #86] nop 
[inst #87] nop 
[inst #88] slt $1,$15,$14
Register Write to Reg: 0x01 Val: 0x00000001
[inst #89] nop 
[inst #90] nop 
[inst #91] nop 
[inst #92] beq $1,$0,4
[inst #93] nop 
[inst #94] sw $14,0($13)
Memory Write to Addr: 0x1001000C Val: 0x00000009
[inst #95] sw $15,0($12)
Memory Write to Addr: 0x10010008 Val: 0x00000001
[inst #96] addiu $25,$0,1
Register Write to Reg: 0x19 Val: 0x00000001
[inst #97] addi $10,$10,1
Register Write to Reg: 0x0A Val: 0x00000003
[inst #98] nop 
[inst #99] nop 
[inst #100] nop 
[inst #101] bne $10,$9,-30
[inst #102] sll $11,$10,2
Register Write to Reg: 0x0B Val: 0x0000000C
[inst #103] nop 
[inst #104] nop 
[inst #105] nop 
[inst #106] add $12,$4,$11
Register Write to Reg: 0x0C Val: 0x1001000C
[inst #107] nop 
[inst #108] nop 
[inst #109] nop 
[inst #110] add $13,$12,$24
Register Write to Reg: 0x0D Val: 0x10010010
[inst #111] lw $14,0($12)
Register Write to Reg: 0x0E Val: 0x00000009
[inst #112] nop 
[inst #113] nop 
[inst #114] lw $15,0($13)
Register Write to Reg: 0x0F Val: 0x00000005
[inst #115] nop 
[inst #116] nop 
[inst #117] nop 
[inst #118] slt $1,$15,$14
Register Write to Reg: 0x01 Val: 0x00000001
[inst #119] nop 
[inst #120] nop 
[inst #121] nop 
[inst #122] beq $1,$0,4
[inst #123] nop 
[inst #124] sw $14,0($13)
Memory Write to Addr: 0x10010010 Val: 0x00000009
[inst #125] sw $15,0($12)
Memory Write to Addr: 0x1001000C Val: 0x00000005
[inst #126] addiu $25,$0,1
Register Write to Reg: 0x19 Val: 0x00000001
[inst #127] addi $10,$10,1
Register Write to Reg: 0x0A Val: 0x00000004
[inst #128] nop 
[inst #129] nop 
[inst #130] nop 
[inst #131] bne $10,$9,-30
[inst #132] sll $11,$10,2
Register Write to Reg: 0x0B Val: 0x00000010
[inst #133] nop 
[inst #134] nop 
[inst #135] nop 
[inst #136] add $12,$4,$11
Register Write to Reg: 0x0C Val: 0x10010010
[inst #137] nop 
[inst #138] nop 
[inst #139] nop 
[inst #140] add $13,$12,$24
Register Write to Reg: 0x0D Val: 0x10010014
[inst #141] lw $14,0($12)
Register Write to Reg: 0x0E Val: 0x00000009
[inst #142] nop 
[inst #143] nop 
[inst #144] lw $15,0($13)
Register Write to Reg: 0x0F Val: 0x00000006
[inst #145] nop 
[inst #146] nop 
[inst #147] nop 
[inst #148] slt $1,$15,$14
Register Write to Reg: 0x01 Val: 0x00000001
[inst #149] nop 
[inst #150] nop 
[inst #151] nop 
[inst #152] beq $1,$0,4
[inst #153] nop 
[inst #154] sw $14,0($13)
Memory Write to Addr: 0x10010014 Val: 0x00000009
[inst #155] sw $15,0($12)
Memory Write to Addr: 0x10010010 Val: 0x00000006
[inst #156] addiu $25,$0,1
Register Write to Reg: 0x19 Val: 0x00000001
[inst #157] addi $10,$10,1
Register Write to Reg: 0x0A Val: 0x00000005
[inst #158] nop 
[inst #159] nop 
[inst #160] nop 
[inst #161] bne $10,$9,-30
[inst #162] sll $11,$10,2
Register Write to Reg: 0x0B Val: 0x00000014
[inst #163] nop 
[inst #164] nop 
[inst #165] nop 
[inst #166] add $12,$4,$11
Register Write to Reg: 0x0C Val: 0x10010014
[inst #167] nop 
[inst #168] nop 
[inst #169] nop 
[inst #170] add $13,$12,$24
Register Write to Reg: 0x0D Val: 0x10010018
[inst #171] lw $14,0($12)
Register Write to Reg: 0x0E Val: 0x00000009
[inst #172] nop 
[inst #173] nop 
[inst #174] lw $15,0($13)
Register Write to Reg: 0x0F Val: 0x00000006
[inst #175] nop 
[inst #176] nop 
[inst #177] nop 
[inst #178] slt $1,$15,$14
Register Write to Reg: 0x01 Val: 0x00000001
[inst #179] nop 
[inst #180] nop 
[inst #181] nop 
[inst #182] beq $1,$0,4
[inst #183] nop 
[inst #184] sw $14,0($13)
Memory Write to Addr: 0x10010018 Val: 0x00000009
[inst #185] sw $15,0($12)
Memory Write to Addr: 0x10010014 Val: 0x00000006
[inst #186] addiu $25,$0,1
Register Write to Reg: 0x19 Val: 0x00000001
[inst #187] addi $10,$10,1
Register Write to Reg: 0x0A Val: 0x00000006
[inst #188] nop 
[inst #189] nop 
[inst #190] nop 
[inst #191] bne $10,$9,-30
[inst #192] nop 
[inst #193] beq $25,$0,4
[inst #194] nop 
[inst #195] addiu $10,$0,0
Register Write to Reg: 0x0A Val: 0x00000000
[inst #196] j 4194352
[inst #197] addiu $10,$0,0
Register Write to Reg: 0x0A Val: 0x00000000
[inst #198] addiu $25,$0,0
Register Write to Reg: 0x19 Val: 0x00000000
[inst #199] nop 
[inst #200] sll $11,$10,2
Register Write to Reg: 0x0B Val: 0x00000000
[inst #201] nop 
[inst #202] nop 
[inst #203] nop 
[inst #204] add $12,$4,$11
Register Write to Reg: 0x0C Val: 0x10010000
[inst #205] nop 
[inst #206] nop 
[inst #207] nop 
[inst #208] add $13,$12,$24
Register Write to Reg: 0x0D Val: 0x10010004
[inst #209] lw $14,0($12)
Register Write to Reg: 0x0E Val: 0x00000002
[inst #210] nop 
[inst #211] nop 
[inst #212] lw $15,0($13)
Register Write to Reg: 0x0F Val: 0x00000005
[inst #213] nop 
[inst #214] nop 
[inst #215] nop 
[inst #216] slt $1,$15,$14
Register Write to Reg: 0x01 Val: 0x00000000
[inst #217] nop 
[inst #218] nop 
[inst #219] nop 
[inst #220] beq $1,$0,4
[inst #221] addi $10,$10,1
Register Write to Reg: 0x0A Val: 0x00000001
[inst #222] nop 
[inst #223] nop 
[inst #224] nop 
[inst #225] bne $10,$9,-30
[inst #226] sll $11,$10,2
Register Write to Reg: 0x0B Val: 0x00000004
[inst #227] nop 
[inst #228] nop 
[inst #229] nop 
[inst #230] add $12,$4,$11
Register Write to Reg: 0x0C Val: 0x10010004
[inst #231] nop 
[inst #232] nop 
[inst #233] nop 
[inst #234] add $13,$12,$24
Register Write to Reg: 0x0D Val: 0x10010008
[inst #235] lw $14,0($12)
Register Write to Reg: 0x0E Val: 0x00000005
[inst #236] nop 
[inst #237] nop 
[inst #238] lw $15,0($13)
Register Write to Reg: 0x0F Val: 0x00000001
[inst #239] nop 
[inst #240] nop 
[inst #241] nop 
[inst #242] slt $1,$15,$14
Register Write to Reg: 0x01 Val: 0x00000001
[inst #243] nop 
[inst #244] nop 
[inst #245] nop 
[inst #246] beq $1,$0,4
[inst #247] nop 
[inst #248] sw $14,0($13)
Memory Write to Addr: 0x10010008 Val: 0x00000005
[inst #249] sw $15,0($12)
Memory Write to Addr: 0x10010004 Val: 0x00000001
[inst #250] addiu $25,$0,1
Register Write to Reg: 0x19 Val: 0x00000001
[inst #251] addi $10,$10,1
Register Write to Reg: 0x0A Val: 0x00000002
[inst #252] nop 
[inst #253] nop 
[inst #254] nop 
[inst #255] bne $10,$9,-30
[inst #256] sll $11,$10,2
Register Write to Reg: 0x0B Val: 0x00000008
[inst #257] nop 
[inst #258] nop 
[inst #259] nop 
[inst #260] add $12,$4,$11
Register Write to Reg: 0x0C Val: 0x10010008
[inst #261] nop 
[inst #262] nop 
[inst #263] nop 
[inst #264] add $13,$12,$24
Register Write to Reg: 0x0D Val: 0x1001000C
[inst #265] lw $14,0($12)
Register Write to Reg: 0x0E Val: 0x00000005
[inst #266] nop 
[inst #267] nop 
[inst #268] lw $15,0($13)
Register Write to Reg: 0x0F Val: 0x00000005
[inst #269] nop 
[inst #270] nop 
[inst #271] nop 
[inst #272] slt $1,$15,$14
Register Write to Reg: 0x01 Val: 0x00000000
[inst #273] nop 
[inst #274] nop 
[inst #275] nop 
[inst #276] beq $1,$0,4
[inst #277] addi $10,$10,1
Register Write to Reg: 0x0A Val: 0x00000003
[inst #278] nop 
[inst #279] nop 
[inst #280] nop 
[inst #281] bne $10,$9,-30
[inst #282] sll $11,$10,2
Register Write to Reg: 0x0B Val: 0x0000000C
[inst #283] nop 
[inst #284] nop 
[inst #285] nop 
[inst #286] add $12,$4,$11
Register Write to Reg: 0x0C Val: 0x1001000C
[inst #287] nop 
[inst #288] nop 
[inst #289] nop 
[inst #290] add $13,$12,$24
Register Write to Reg: 0x0D Val: 0x10010010
[inst #291] lw $14,0($12)
Register Write to Reg: 0x0E Val: 0x00000005
[inst #292] nop 
[inst #293] nop 
[inst #294] lw $15,0($13)
Register Write to Reg: 0x0F Val: 0x00000006
[inst #295] nop 
[inst #296] nop 
[inst #297] nop 
[inst #298] slt $1,$15,$14
Register Write to Reg: 0x01 Val: 0x00000000
[inst #299] nop 
[inst #300] nop 
[inst #301] nop 
[inst #302] beq $1,$0,4
[inst #303] addi $10,$10,1
Register Write to Reg: 0x0A Val: 0x00000004
[inst #304] nop 
[inst #305] nop 
[inst #306] nop 
[inst #307] bne $10,$9,-30
[inst #308] sll $11,$10,2
Register Write to Reg: 0x0B Val: 0x00000010
[inst #309] nop 
[inst #310] nop 
[inst #311] nop 
[inst #312] add $12,$4,$11
Register Write to Reg: 0x0C Val: 0x10010010
[inst #313] nop 
[inst #314] nop 
[inst #315] nop 
[inst #316] add $13,$12,$24
Register Write to Reg: 0x0D Val: 0x10010014
[inst #317] lw $14,0($12)
Register Write to Reg: 0x0E Val: 0x00000006
[inst #318] nop 
[inst #319] nop 
[inst #320] lw $15,0($13)
Register Write to Reg: 0x0F Val: 0x00000006
[inst #321] nop 
[inst #322] nop 
[inst #323] nop 
[inst #324] slt $1,$15,$14
Register Write to Reg: 0x01 Val: 0x00000000
[inst #325] nop 
[inst #326] nop 
[inst #327] nop 
[inst #328] beq $1,$0,4
[inst #329] addi $10,$10,1
Register Write to Reg: 0x0A Val: 0x00000005
[inst #330] nop 
[inst #331] nop 
[inst #332] nop 
[inst #333] bne $10,$9,-30
[inst #334] sll $11,$10,2
Register Write to Reg: 0x0B Val: 0x00000014
[inst #335] nop 
[inst #336] nop 
[inst #337] nop 
[inst #338] add $12,$4,$11
Register Write to Reg: 0x0C Val: 0x10010014
[inst #339] nop 
[inst #340] nop 
[inst #341] nop 
[inst #342] add $13,$12,$24
Register Write to Reg: 0x0D Val: 0x10010018
[inst #343] lw $14,0($12)
Register Write to Reg: 0x0E Val: 0x00000006
[inst #344] nop 
[inst #345] nop 
[inst #346] lw $15,0($13)
Register Write to Reg: 0x0F Val: 0x00000009
[inst #347] nop 
[inst #348] nop 
[inst #349] nop 
[inst #350] slt $1,$15,$14
Register Write to Reg: 0x01 Val: 0x00000000
[inst #351] nop 
[inst #352] nop 
[inst #353] nop 
[inst #354] beq $1,$0,4
[inst #355] addi $10,$10,1
Register Write to Reg: 0x0A Val: 0x00000006
[inst #356] nop 
[inst #357] nop 
[inst #358] nop 
[inst #359] bne $10,$9,-30
[inst #360] nop 
[inst #361] beq $25,$0,4
[inst #362] nop 
[inst #363] addiu $10,$0,0
Register Write to Reg: 0x0A Val: 0x00000000
[inst #364] j 4194352
[inst #365] addiu $10,$0,0
Register Write to Reg: 0x0A Val: 0x00000000
[inst #366] addiu $25,$0,0
Register Write to Reg: 0x19 Val: 0x00000000
[inst #367] nop 
[inst #368] sll $11,$10,2
Register Write to Reg: 0x0B Val: 0x00000000
[inst #369] nop 
[inst #370] nop 
[inst #371] nop 
[inst #372] add $12,$4,$11
Register Write to Reg: 0x0C Val: 0x10010000
[inst #373] nop 
[inst #374] nop 
[inst #375] nop 
[inst #376] add $13,$12,$24
Register Write to Reg: 0x0D Val: 0x10010004
[inst #377] lw $14,0($12)
Register Write to Reg: 0x0E Val: 0x00000002
[inst #378] nop 
[inst #379] nop 
[inst #380] lw $15,0($13)
Register Write to Reg: 0x0F Val: 0x00000001
[inst #381] nop 
[inst #382] nop 
[inst #383] nop 
[inst #384] slt $1,$15,$14
Register Write to Reg: 0x01 Val: 0x00000001
[inst #385] nop 
[inst #386] nop 
[inst #387] nop 
[inst #388] beq $1,$0,4
[inst #389] nop 
[inst #390] sw $14,0($13)
Memory Write to Addr: 0x10010004 Val: 0x00000002
[inst #391] sw $15,0($12)
Memory Write to Addr: 0x10010000 Val: 0x00000001
[inst #392] addiu $25,$0,1
Register Write to Reg: 0x19 Val: 0x00000001
[inst #393] addi $10,$10,1
Register Write to Reg: 0x0A Val: 0x00000001
[inst #394] nop 
[inst #395] nop 
[inst #396] nop 
[inst #397] bne $10,$9,-30
[inst #398] sll $11,$10,2
Register Write to Reg: 0x0B Val: 0x00000004
[inst #399] nop 
[inst #400] nop 
[inst #401] nop 
[inst #402] add $12,$4,$11
Register Write to Reg: 0x0C Val: 0x10010004
[inst #403] nop 
[inst #404] nop 
[inst #405] nop 
[inst #406] add $13,$12,$24
Register Write to Reg: 0x0D Val: 0x10010008
[inst #407] lw $14,0($12)
Register Write to Reg: 0x0E Val: 0x00000002
[inst #408] nop 
[inst #409] nop 
[inst #410] lw $15,0($13)
Register Write to Reg: 0x0F Val: 0x00000005
[inst #411] nop 
[inst #412] nop 
[inst #413] nop 
[inst #414] slt $1,$15,$14
Register Write to Reg: 0x01 Val: 0x00000000
[inst #415] nop 
[inst #416] nop 
[inst #417] nop 
[inst #418] beq $1,$0,4
[inst #419] addi $10,$10,1
Register Write to Reg: 0x0A Val: 0x00000002
[inst #420] nop 
[inst #421] nop 
[inst #422] nop 
[inst #423] bne $10,$9,-30
[inst #424] sll $11,$10,2
Register Write to Reg: 0x0B Val: 0x00000008
[inst #425] nop 
[inst #426] nop 
[inst #427] nop 
[inst #428] add $12,$4,$11
Register Write to Reg: 0x0C Val: 0x10010008
[inst #429] nop 
[inst #430] nop 
[inst #431] nop 
[inst #432] add $13,$12,$24
Register Write to Reg: 0x0D Val: 0x1001000C
[inst #433] lw $14,0($12)
Register Write to Reg: 0x0E Val: 0x00000005
[inst #434] nop 
[inst #435] nop 
[inst #436] lw $15,0($13)
Register Write to Reg: 0x0F Val: 0x00000005
[inst #437] nop 
[inst #438] nop 
[inst #439] nop 
[inst #440] slt $1,$15,$14
Register Write to Reg: 0x01 Val: 0x00000000
[inst #441] nop 
[inst #442] nop 
[inst #443] nop 
[inst #444] beq $1,$0,4
[inst #445] addi $10,$10,1
Register Write to Reg: 0x0A Val: 0x00000003
[inst #446] nop 
[inst #447] nop 
[inst #448] nop 
[inst #449] bne $10,$9,-30
[inst #450] sll $11,$10,2
Register Write to Reg: 0x0B Val: 0x0000000C
[inst #451] nop 
[inst #452] nop 
[inst #453] nop 
[inst #454] add $12,$4,$11
Register Write to Reg: 0x0C Val: 0x1001000C
[inst #455] nop 
[inst #456] nop 
[inst #457] nop 
[inst #458] add $13,$12,$24
Register Write to Reg: 0x0D Val: 0x10010010
[inst #459] lw $14,0($12)
Register Write to Reg: 0x0E Val: 0x00000005
[inst #460] nop 
[inst #461] nop 
[inst #462] lw $15,0($13)
Register Write to Reg: 0x0F Val: 0x00000006
[inst #463] nop 
[inst #464] nop 
[inst #465] nop 
[inst #466] slt $1,$15,$14
Register Write to Reg: 0x01 Val: 0x00000000
[inst #467] nop 
[inst #468] nop 
[inst #469] nop 
[inst #470] beq $1,$0,4
[inst #471] addi $10,$10,1
Register Write to Reg: 0x0A Val: 0x00000004
[inst #472] nop 
[inst #473] nop 
[inst #474] nop 
[inst #475] bne $10,$9,-30
[inst #476] sll $11,$10,2
Register Write to Reg: 0x0B Val: 0x00000010
[inst #477] nop 
[inst #478] nop 
[inst #479] nop 
[inst #480] add $12,$4,$11
Register Write to Reg: 0x0C Val: 0x10010010
[inst #481] nop 
[inst #482] nop 
[inst #483] nop 
[inst #484] add $13,$12,$24
Register Write to Reg: 0x0D Val: 0x10010014
[inst #485] lw $14,0($12)
Register Write to Reg: 0x0E Val: 0x00000006
[inst #486] nop 
[inst #487] nop 
[inst #488] lw $15,0($13)
Register Write to Reg: 0x0F Val: 0x00000006
[inst #489] nop 
[inst #490] nop 
[inst #491] nop 
[inst #492] slt $1,$15,$14
Register Write to Reg: 0x01 Val: 0x00000000
[inst #493] nop 
[inst #494] nop 
[inst #495] nop 
[inst #496] beq $1,$0,4
[inst #497] addi $10,$10,1
Register Write to Reg: 0x0A Val: 0x00000005
[inst #498] nop 
[inst #499] nop 
[inst #500] nop 
[inst #501] bne $10,$9,-30
[inst #502] sll $11,$10,2
Register Write to Reg: 0x0B Val: 0x00000014
[inst #503] nop 
[inst #504] nop 
[inst #505] nop 
[inst #506] add $12,$4,$11
Register Write to Reg: 0x0C Val: 0x10010014
[inst #507] nop 
[inst #508] nop 
[inst #509] nop 
[inst #510] add $13,$12,$24
Register Write to Reg: 0x0D Val: 0x10010018
[inst #511] lw $14,0($12)
Register Write to Reg: 0x0E Val: 0x00000006
[inst #512] nop 
[inst #513] nop 
[inst #514] lw $15,0($13)
Register Write to Reg: 0x0F Val: 0x00000009
[inst #515] nop 
[inst #516] nop 
[inst #517] nop 
[inst #518] slt $1,$15,$14
Register Write to Reg: 0x01 Val: 0x00000000
[inst #519] nop 
[inst #520] nop 
[inst #521] nop 
[inst #522] beq $1,$0,4
[inst #523] addi $10,$10,1
Register Write to Reg: 0x0A Val: 0x00000006
[inst #524] nop 
[inst #525] nop 
[inst #526] nop 
[inst #527] bne $10,$9,-30
[inst #528] nop 
[inst #529] beq $25,$0,4
[inst #530] nop 
[inst #531] addiu $10,$0,0
Register Write to Reg: 0x0A Val: 0x00000000
[inst #532] j 4194352
[inst #533] addiu $10,$0,0
Register Write to Reg: 0x0A Val: 0x00000000
[inst #534] addiu $25,$0,0
Register Write to Reg: 0x19 Val: 0x00000000
[inst #535] nop 
[inst #536] sll $11,$10,2
Register Write to Reg: 0x0B Val: 0x00000000
[inst #537] nop 
[inst #538] nop 
[inst #539] nop 
[inst #540] add $12,$4,$11
Register Write to Reg: 0x0C Val: 0x10010000
[inst #541] nop 
[inst #542] nop 
[inst #543] nop 
[inst #544] add $13,$12,$24
Register Write to Reg: 0x0D Val: 0x10010004
[inst #545] lw $14,0($12)
Register Write to Reg: 0x0E Val: 0x00000001
[inst #546] nop 
[inst #547] nop 
[inst #548] lw $15,0($13)
Register Write to Reg: 0x0F Val: 0x00000002
[inst #549] nop 
[inst #550] nop 
[inst #551] nop 
[inst #552] slt $1,$15,$14
Register Write to Reg: 0x01 Val: 0x00000000
[inst #553] nop 
[inst #554] nop 
[inst #555] nop 
[inst #556] beq $1,$0,4
[inst #557] addi $10,$10,1
Register Write to Reg: 0x0A Val: 0x00000001
[inst #558] nop 
[inst #559] nop 
[inst #560] nop 
[inst #561] bne $10,$9,-30
[inst #562] sll $11,$10,2
Register Write to Reg: 0x0B Val: 0x00000004
[inst #563] nop 
[inst #564] nop 
[inst #565] nop 
[inst #566] add $12,$4,$11
Register Write to Reg: 0x0C Val: 0x10010004
[inst #567] nop 
[inst #568] nop 
[inst #569] nop 
[inst #570] add $13,$12,$24
Register Write to Reg: 0x0D Val: 0x10010008
[inst #571] lw $14,0($12)
Register Write to Reg: 0x0E Val: 0x00000002
[inst #572] nop 
[inst #573] nop 
[inst #574] lw $15,0($13)
Register Write to Reg: 0x0F Val: 0x00000005
[inst #575] nop 
[inst #576] nop 
[inst #577] nop 
[inst #578] slt $1,$15,$14
Register Write to Reg: 0x01 Val: 0x00000000
[inst #579] nop 
[inst #580] nop 
[inst #581] nop 
[inst #582] beq $1,$0,4
[inst #583] addi $10,$10,1
Register Write to Reg: 0x0A Val: 0x00000002
[inst #584] nop 
[inst #585] nop 
[inst #586] nop 
[inst #587] bne $10,$9,-30
[inst #588] sll $11,$10,2
Register Write to Reg: 0x0B Val: 0x00000008
[inst #589] nop 
[inst #590] nop 
[inst #591] nop 
[inst #592] add $12,$4,$11
Register Write to Reg: 0x0C Val: 0x10010008
[inst #593] nop 
[inst #594] nop 
[inst #595] nop 
[inst #596] add $13,$12,$24
Register Write to Reg: 0x0D Val: 0x1001000C
[inst #597] lw $14,0($12)
Register Write to Reg: 0x0E Val: 0x00000005
[inst #598] nop 
[inst #599] nop 
[inst #600] lw $15,0($13)
Register Write to Reg: 0x0F Val: 0x00000005
[inst #601] nop 
[inst #602] nop 
[inst #603] nop 
[inst #604] slt $1,$15,$14
Register Write to Reg: 0x01 Val: 0x00000000
[inst #605] nop 
[inst #606] nop 
[inst #607] nop 
[inst #608] beq $1,$0,4
[inst #609] addi $10,$10,1
Register Write to Reg: 0x0A Val: 0x00000003
[inst #610] nop 
[inst #611] nop 
[inst #612] nop 
[inst #613] bne $10,$9,-30
[inst #614] sll $11,$10,2
Register Write to Reg: 0x0B Val: 0x0000000C
[inst #615] nop 
[inst #616] nop 
[inst #617] nop 
[inst #618] add $12,$4,$11
Register Write to Reg: 0x0C Val: 0x1001000C
[inst #619] nop 
[inst #620] nop 
[inst #621] nop 
[inst #622] add $13,$12,$24
Register Write to Reg: 0x0D Val: 0x10010010
[inst #623] lw $14,0($12)
Register Write to Reg: 0x0E Val: 0x00000005
[inst #624] nop 
[inst #625] nop 
[inst #626] lw $15,0($13)
Register Write to Reg: 0x0F Val: 0x00000006
[inst #627] nop 
[inst #628] nop 
[inst #629] nop 
[inst #630] slt $1,$15,$14
Register Write to Reg: 0x01 Val: 0x00000000
[inst #631] nop 
[inst #632] nop 
[inst #633] nop 
[inst #634] beq $1,$0,4
[inst #635] addi $10,$10,1
Register Write to Reg: 0x0A Val: 0x00000004
[inst #636] nop 
[inst #637] nop 
[inst #638] nop 
[inst #639] bne $10,$9,-30
[inst #640] sll $11,$10,2
Register Write to Reg: 0x0B Val: 0x00000010
[inst #641] nop 
[inst #642] nop 
[inst #643] nop 
[inst #644] add $12,$4,$11
Register Write to Reg: 0x0C Val: 0x10010010
[inst #645] nop 
[inst #646] nop 
[inst #647] nop 
[inst #648] add $13,$12,$24
Register Write to Reg: 0x0D Val: 0x10010014
[inst #649] lw $14,0($12)
Register Write to Reg: 0x0E Val: 0x00000006
[inst #650] nop 
[inst #651] nop 
[inst #652] lw $15,0($13)
Register Write to Reg: 0x0F Val: 0x00000006
[inst #653] nop 
[inst #654] nop 
[inst #655] nop 
[inst #656] slt $1,$15,$14
Register Write to Reg: 0x01 Val: 0x00000000
[inst #657] nop 
[inst #658] nop 
[inst #659] nop 
[inst #660] beq $1,$0,4
[inst #661] addi $10,$10,1
Register Write to Reg: 0x0A Val: 0x00000005
[inst #662] nop 
[inst #663] nop 
[inst #664] nop 
[inst #665] bne $10,$9,-30
[inst #666] sll $11,$10,2
Register Write to Reg: 0x0B Val: 0x00000014
[inst #667] nop 
[inst #668] nop 
[inst #669] nop 
[inst #670] add $12,$4,$11
Register Write to Reg: 0x0C Val: 0x10010014
[inst #671] nop 
[inst #672] nop 
[inst #673] nop 
[inst #674] add $13,$12,$24
Register Write to Reg: 0x0D Val: 0x10010018
[inst #675] lw $14,0($12)
Register Write to Reg: 0x0E Val: 0x00000006
[inst #676] nop 
[inst #677] nop 
[inst #678] lw $15,0($13)
Register Write to Reg: 0x0F Val: 0x00000009
[inst #679] nop 
[inst #680] nop 
[inst #681] nop 
[inst #682] slt $1,$15,$14
Register Write to Reg: 0x01 Val: 0x00000000
[inst #683] nop 
[inst #684] nop 
[inst #685] nop 
[inst #686] beq $1,$0,4
[inst #687] addi $10,$10,1
Register Write to Reg: 0x0A Val: 0x00000006
[inst #688] nop 
[inst #689] nop 
[inst #690] nop 
[inst #691] bne $10,$9,-30
[inst #692] nop 
[inst #693] beq $25,$0,4
[inst #694] halt 

