[inst #1] lui $1,4097
Register Write to Reg: 0x01 Val: 0x10010000
[inst #2] ori $8,$1,0
Register Write to Reg: 0x08 Val: 0x10010000
[inst #3] add $4,$8,$0
Register Write to Reg: 0x04 Val: 0x10010000
[inst #4] lui $1,4097
Register Write to Reg: 0x01 Val: 0x10010000
[inst #5] lw $9,24($1)
Register Write to Reg: 0x09 Val: 0x00000006
[inst #6] addiu $24,$0,4
Register Write to Reg: 0x18 Val: 0x00000004
[inst #7] addiu $25,$0,1
Register Write to Reg: 0x19 Val: 0x00000001
[inst #8] addiu $10,$0,0
Register Write to Reg: 0x0A Val: 0x00000000
[inst #9] addiu $25,$0,0
Register Write to Reg: 0x19 Val: 0x00000000
[inst #10] sll $11,$10,2
Register Write to Reg: 0x0B Val: 0x00000000
[inst #11] add $12,$4,$11
Register Write to Reg: 0x0C Val: 0x10010000
[inst #12] add $13,$12,$24
Register Write to Reg: 0x0D Val: 0x10010004
[inst #13] lw $14,0($12)
Register Write to Reg: 0x0E Val: 0x00000005
[inst #14] lw $15,0($13)
Register Write to Reg: 0x0F Val: 0x00000002
[inst #15] slt $1,$15,$14
Register Write to Reg: 0x01 Val: 0x00000001
[inst #16] beq $1,$0,3
[inst #17] sw $14,0($13)
Memory Write to Addr: 0x10010004 Val: 0x00000005
[inst #18] sw $15,0($12)
Memory Write to Addr: 0x10010000 Val: 0x00000002
[inst #19] addiu $25,$0,1
Register Write to Reg: 0x19 Val: 0x00000001
[inst #20] addi $10,$10,1
Register Write to Reg: 0x0A Val: 0x00000001
[inst #21] bne $10,$9,-12
[inst #22] sll $11,$10,2
Register Write to Reg: 0x0B Val: 0x00000004
[inst #23] add $12,$4,$11
Register Write to Reg: 0x0C Val: 0x10010004
[inst #24] add $13,$12,$24
Register Write to Reg: 0x0D Val: 0x10010008
[inst #25] lw $14,0($12)
Register Write to Reg: 0x0E Val: 0x00000005
[inst #26] lw $15,0($13)
Register Write to Reg: 0x0F Val: 0x00000009
[inst #27] slt $1,$15,$14
Register Write to Reg: 0x01 Val: 0x00000000
[inst #28] beq $1,$0,3
[inst #29] addi $10,$10,1
Register Write to Reg: 0x0A Val: 0x00000002
[inst #30] bne $10,$9,-12
[inst #31] sll $11,$10,2
Register Write to Reg: 0x0B Val: 0x00000008
[inst #32] add $12,$4,$11
Register Write to Reg: 0x0C Val: 0x10010008
[inst #33] add $13,$12,$24
Register Write to Reg: 0x0D Val: 0x1001000C
[inst #34] lw $14,0($12)
Register Write to Reg: 0x0E Val: 0x00000009
[inst #35] lw $15,0($13)
Register Write to Reg: 0x0F Val: 0x00000001
[inst #36] slt $1,$15,$14
Register Write to Reg: 0x01 Val: 0x00000001
[inst #37] beq $1,$0,3
[inst #38] sw $14,0($13)
Memory Write to Addr: 0x1001000C Val: 0x00000009
[inst #39] sw $15,0($12)
Memory Write to Addr: 0x10010008 Val: 0x00000001
[inst #40] addiu $25,$0,1
Register Write to Reg: 0x19 Val: 0x00000001
[inst #41] addi $10,$10,1
Register Write to Reg: 0x0A Val: 0x00000003
[inst #42] bne $10,$9,-12
[inst #43] sll $11,$10,2
Register Write to Reg: 0x0B Val: 0x0000000C
[inst #44] add $12,$4,$11
Register Write to Reg: 0x0C Val: 0x1001000C
[inst #45] add $13,$12,$24
Register Write to Reg: 0x0D Val: 0x10010010
[inst #46] lw $14,0($12)
Register Write to Reg: 0x0E Val: 0x00000009
[inst #47] lw $15,0($13)
Register Write to Reg: 0x0F Val: 0x00000005
[inst #48] slt $1,$15,$14
Register Write to Reg: 0x01 Val: 0x00000001
[inst #49] beq $1,$0,3
[inst #50] sw $14,0($13)
Memory Write to Addr: 0x10010010 Val: 0x00000009
[inst #51] sw $15,0($12)
Memory Write to Addr: 0x1001000C Val: 0x00000005
[inst #52] addiu $25,$0,1
Register Write to Reg: 0x19 Val: 0x00000001
[inst #53] addi $10,$10,1
Register Write to Reg: 0x0A Val: 0x00000004
[inst #54] bne $10,$9,-12
[inst #55] sll $11,$10,2
Register Write to Reg: 0x0B Val: 0x00000010
[inst #56] add $12,$4,$11
Register Write to Reg: 0x0C Val: 0x10010010
[inst #57] add $13,$12,$24
Register Write to Reg: 0x0D Val: 0x10010014
[inst #58] lw $14,0($12)
Register Write to Reg: 0x0E Val: 0x00000009
[inst #59] lw $15,0($13)
Register Write to Reg: 0x0F Val: 0x00000006
[inst #60] slt $1,$15,$14
Register Write to Reg: 0x01 Val: 0x00000001
[inst #61] beq $1,$0,3
[inst #62] sw $14,0($13)
Memory Write to Addr: 0x10010014 Val: 0x00000009
[inst #63] sw $15,0($12)
Memory Write to Addr: 0x10010010 Val: 0x00000006
[inst #64] addiu $25,$0,1
Register Write to Reg: 0x19 Val: 0x00000001
[inst #65] addi $10,$10,1
Register Write to Reg: 0x0A Val: 0x00000005
[inst #66] bne $10,$9,-12
[inst #67] sll $11,$10,2
Register Write to Reg: 0x0B Val: 0x00000014
[inst #68] add $12,$4,$11
Register Write to Reg: 0x0C Val: 0x10010014
[inst #69] add $13,$12,$24
Register Write to Reg: 0x0D Val: 0x10010018
[inst #70] lw $14,0($12)
Register Write to Reg: 0x0E Val: 0x00000009
[inst #71] lw $15,0($13)
Register Write to Reg: 0x0F Val: 0x00000006
[inst #72] slt $1,$15,$14
Register Write to Reg: 0x01 Val: 0x00000001
[inst #73] beq $1,$0,3
[inst #74] sw $14,0($13)
Memory Write to Addr: 0x10010018 Val: 0x00000009
[inst #75] sw $15,0($12)
Memory Write to Addr: 0x10010014 Val: 0x00000006
[inst #76] addiu $25,$0,1
Register Write to Reg: 0x19 Val: 0x00000001
[inst #77] addi $10,$10,1
Register Write to Reg: 0x0A Val: 0x00000006
[inst #78] bne $10,$9,-12
[inst #79] beq $25,$0,2
[inst #80] addiu $10,$0,0
Register Write to Reg: 0x0A Val: 0x00000000
[inst #81] j 4194332
[inst #82] addiu $10,$0,0
Register Write to Reg: 0x0A Val: 0x00000000
[inst #83] addiu $25,$0,0
Register Write to Reg: 0x19 Val: 0x00000000
[inst #84] sll $11,$10,2
Register Write to Reg: 0x0B Val: 0x00000000
[inst #85] add $12,$4,$11
Register Write to Reg: 0x0C Val: 0x10010000
[inst #86] add $13,$12,$24
Register Write to Reg: 0x0D Val: 0x10010004
[inst #87] lw $14,0($12)
Register Write to Reg: 0x0E Val: 0x00000002
[inst #88] lw $15,0($13)
Register Write to Reg: 0x0F Val: 0x00000005
[inst #89] slt $1,$15,$14
Register Write to Reg: 0x01 Val: 0x00000000
[inst #90] beq $1,$0,3
[inst #91] addi $10,$10,1
Register Write to Reg: 0x0A Val: 0x00000001
[inst #92] bne $10,$9,-12
[inst #93] sll $11,$10,2
Register Write to Reg: 0x0B Val: 0x00000004
[inst #94] add $12,$4,$11
Register Write to Reg: 0x0C Val: 0x10010004
[inst #95] add $13,$12,$24
Register Write to Reg: 0x0D Val: 0x10010008
[inst #96] lw $14,0($12)
Register Write to Reg: 0x0E Val: 0x00000005
[inst #97] lw $15,0($13)
Register Write to Reg: 0x0F Val: 0x00000001
[inst #98] slt $1,$15,$14
Register Write to Reg: 0x01 Val: 0x00000001
[inst #99] beq $1,$0,3
[inst #100] sw $14,0($13)
Memory Write to Addr: 0x10010008 Val: 0x00000005
[inst #101] sw $15,0($12)
Memory Write to Addr: 0x10010004 Val: 0x00000001
[inst #102] addiu $25,$0,1
Register Write to Reg: 0x19 Val: 0x00000001
[inst #103] addi $10,$10,1
Register Write to Reg: 0x0A Val: 0x00000002
[inst #104] bne $10,$9,-12
[inst #105] sll $11,$10,2
Register Write to Reg: 0x0B Val: 0x00000008
[inst #106] add $12,$4,$11
Register Write to Reg: 0x0C Val: 0x10010008
[inst #107] add $13,$12,$24
Register Write to Reg: 0x0D Val: 0x1001000C
[inst #108] lw $14,0($12)
Register Write to Reg: 0x0E Val: 0x00000005
[inst #109] lw $15,0($13)
Register Write to Reg: 0x0F Val: 0x00000005
[inst #110] slt $1,$15,$14
Register Write to Reg: 0x01 Val: 0x00000000
[inst #111] beq $1,$0,3
[inst #112] addi $10,$10,1
Register Write to Reg: 0x0A Val: 0x00000003
[inst #113] bne $10,$9,-12
[inst #114] sll $11,$10,2
Register Write to Reg: 0x0B Val: 0x0000000C
[inst #115] add $12,$4,$11
Register Write to Reg: 0x0C Val: 0x1001000C
[inst #116] add $13,$12,$24
Register Write to Reg: 0x0D Val: 0x10010010
[inst #117] lw $14,0($12)
Register Write to Reg: 0x0E Val: 0x00000005
[inst #118] lw $15,0($13)
Register Write to Reg: 0x0F Val: 0x00000006
[inst #119] slt $1,$15,$14
Register Write to Reg: 0x01 Val: 0x00000000
[inst #120] beq $1,$0,3
[inst #121] addi $10,$10,1
Register Write to Reg: 0x0A Val: 0x00000004
[inst #122] bne $10,$9,-12
[inst #123] sll $11,$10,2
Register Write to Reg: 0x0B Val: 0x00000010
[inst #124] add $12,$4,$11
Register Write to Reg: 0x0C Val: 0x10010010
[inst #125] add $13,$12,$24
Register Write to Reg: 0x0D Val: 0x10010014
[inst #126] lw $14,0($12)
Register Write to Reg: 0x0E Val: 0x00000006
[inst #127] lw $15,0($13)
Register Write to Reg: 0x0F Val: 0x00000006
[inst #128] slt $1,$15,$14
Register Write to Reg: 0x01 Val: 0x00000000
[inst #129] beq $1,$0,3
[inst #130] addi $10,$10,1
Register Write to Reg: 0x0A Val: 0x00000005
[inst #131] bne $10,$9,-12
[inst #132] sll $11,$10,2
Register Write to Reg: 0x0B Val: 0x00000014
[inst #133] add $12,$4,$11
Register Write to Reg: 0x0C Val: 0x10010014
[inst #134] add $13,$12,$24
Register Write to Reg: 0x0D Val: 0x10010018
[inst #135] lw $14,0($12)
Register Write to Reg: 0x0E Val: 0x00000006
[inst #136] lw $15,0($13)
Register Write to Reg: 0x0F Val: 0x00000009
[inst #137] slt $1,$15,$14
Register Write to Reg: 0x01 Val: 0x00000000
[inst #138] beq $1,$0,3
[inst #139] addi $10,$10,1
Register Write to Reg: 0x0A Val: 0x00000006
[inst #140] bne $10,$9,-12
[inst #141] beq $25,$0,2
[inst #142] addiu $10,$0,0
Register Write to Reg: 0x0A Val: 0x00000000
[inst #143] j 4194332
[inst #144] addiu $10,$0,0
Register Write to Reg: 0x0A Val: 0x00000000
[inst #145] addiu $25,$0,0
Register Write to Reg: 0x19 Val: 0x00000000
[inst #146] sll $11,$10,2
Register Write to Reg: 0x0B Val: 0x00000000
[inst #147] add $12,$4,$11
Register Write to Reg: 0x0C Val: 0x10010000
[inst #148] add $13,$12,$24
Register Write to Reg: 0x0D Val: 0x10010004
[inst #149] lw $14,0($12)
Register Write to Reg: 0x0E Val: 0x00000002
[inst #150] lw $15,0($13)
Register Write to Reg: 0x0F Val: 0x00000001
[inst #151] slt $1,$15,$14
Register Write to Reg: 0x01 Val: 0x00000001
[inst #152] beq $1,$0,3
[inst #153] sw $14,0($13)
Memory Write to Addr: 0x10010004 Val: 0x00000002
[inst #154] sw $15,0($12)
Memory Write to Addr: 0x10010000 Val: 0x00000001
[inst #155] addiu $25,$0,1
Register Write to Reg: 0x19 Val: 0x00000001
[inst #156] addi $10,$10,1
Register Write to Reg: 0x0A Val: 0x00000001
[inst #157] bne $10,$9,-12
[inst #158] sll $11,$10,2
Register Write to Reg: 0x0B Val: 0x00000004
[inst #159] add $12,$4,$11
Register Write to Reg: 0x0C Val: 0x10010004
[inst #160] add $13,$12,$24
Register Write to Reg: 0x0D Val: 0x10010008
[inst #161] lw $14,0($12)
Register Write to Reg: 0x0E Val: 0x00000002
[inst #162] lw $15,0($13)
Register Write to Reg: 0x0F Val: 0x00000005
[inst #163] slt $1,$15,$14
Register Write to Reg: 0x01 Val: 0x00000000
[inst #164] beq $1,$0,3
[inst #165] addi $10,$10,1
Register Write to Reg: 0x0A Val: 0x00000002
[inst #166] bne $10,$9,-12
[inst #167] sll $11,$10,2
Register Write to Reg: 0x0B Val: 0x00000008
[inst #168] add $12,$4,$11
Register Write to Reg: 0x0C Val: 0x10010008
[inst #169] add $13,$12,$24
Register Write to Reg: 0x0D Val: 0x1001000C
[inst #170] lw $14,0($12)
Register Write to Reg: 0x0E Val: 0x00000005
[inst #171] lw $15,0($13)
Register Write to Reg: 0x0F Val: 0x00000005
[inst #172] slt $1,$15,$14
Register Write to Reg: 0x01 Val: 0x00000000
[inst #173] beq $1,$0,3
[inst #174] addi $10,$10,1
Register Write to Reg: 0x0A Val: 0x00000003
[inst #175] bne $10,$9,-12
[inst #176] sll $11,$10,2
Register Write to Reg: 0x0B Val: 0x0000000C
[inst #177] add $12,$4,$11
Register Write to Reg: 0x0C Val: 0x1001000C
[inst #178] add $13,$12,$24
Register Write to Reg: 0x0D Val: 0x10010010
[inst #179] lw $14,0($12)
Register Write to Reg: 0x0E Val: 0x00000005
[inst #180] lw $15,0($13)
Register Write to Reg: 0x0F Val: 0x00000006
[inst #181] slt $1,$15,$14
Register Write to Reg: 0x01 Val: 0x00000000
[inst #182] beq $1,$0,3
[inst #183] addi $10,$10,1
Register Write to Reg: 0x0A Val: 0x00000004
[inst #184] bne $10,$9,-12
[inst #185] sll $11,$10,2
Register Write to Reg: 0x0B Val: 0x00000010
[inst #186] add $12,$4,$11
Register Write to Reg: 0x0C Val: 0x10010010
[inst #187] add $13,$12,$24
Register Write to Reg: 0x0D Val: 0x10010014
[inst #188] lw $14,0($12)
Register Write to Reg: 0x0E Val: 0x00000006
[inst #189] lw $15,0($13)
Register Write to Reg: 0x0F Val: 0x00000006
[inst #190] slt $1,$15,$14
Register Write to Reg: 0x01 Val: 0x00000000
[inst #191] beq $1,$0,3
[inst #192] addi $10,$10,1
Register Write to Reg: 0x0A Val: 0x00000005
[inst #193] bne $10,$9,-12
[inst #194] sll $11,$10,2
Register Write to Reg: 0x0B Val: 0x00000014
[inst #195] add $12,$4,$11
Register Write to Reg: 0x0C Val: 0x10010014
[inst #196] add $13,$12,$24
Register Write to Reg: 0x0D Val: 0x10010018
[inst #197] lw $14,0($12)
Register Write to Reg: 0x0E Val: 0x00000006
[inst #198] lw $15,0($13)
Register Write to Reg: 0x0F Val: 0x00000009
[inst #199] slt $1,$15,$14
Register Write to Reg: 0x01 Val: 0x00000000
[inst #200] beq $1,$0,3
[inst #201] addi $10,$10,1
Register Write to Reg: 0x0A Val: 0x00000006
[inst #202] bne $10,$9,-12
[inst #203] beq $25,$0,2
[inst #204] addiu $10,$0,0
Register Write to Reg: 0x0A Val: 0x00000000
[inst #205] j 4194332
[inst #206] addiu $10,$0,0
Register Write to Reg: 0x0A Val: 0x00000000
[inst #207] addiu $25,$0,0
Register Write to Reg: 0x19 Val: 0x00000000
[inst #208] sll $11,$10,2
Register Write to Reg: 0x0B Val: 0x00000000
[inst #209] add $12,$4,$11
Register Write to Reg: 0x0C Val: 0x10010000
[inst #210] add $13,$12,$24
Register Write to Reg: 0x0D Val: 0x10010004
[inst #211] lw $14,0($12)
Register Write to Reg: 0x0E Val: 0x00000001
[inst #212] lw $15,0($13)
Register Write to Reg: 0x0F Val: 0x00000002
[inst #213] slt $1,$15,$14
Register Write to Reg: 0x01 Val: 0x00000000
[inst #214] beq $1,$0,3
[inst #215] addi $10,$10,1
Register Write to Reg: 0x0A Val: 0x00000001
[inst #216] bne $10,$9,-12
[inst #217] sll $11,$10,2
Register Write to Reg: 0x0B Val: 0x00000004
[inst #218] add $12,$4,$11
Register Write to Reg: 0x0C Val: 0x10010004
[inst #219] add $13,$12,$24
Register Write to Reg: 0x0D Val: 0x10010008
[inst #220] lw $14,0($12)
Register Write to Reg: 0x0E Val: 0x00000002
[inst #221] lw $15,0($13)
Register Write to Reg: 0x0F Val: 0x00000005
[inst #222] slt $1,$15,$14
Register Write to Reg: 0x01 Val: 0x00000000
[inst #223] beq $1,$0,3
[inst #224] addi $10,$10,1
Register Write to Reg: 0x0A Val: 0x00000002
[inst #225] bne $10,$9,-12
[inst #226] sll $11,$10,2
Register Write to Reg: 0x0B Val: 0x00000008
[inst #227] add $12,$4,$11
Register Write to Reg: 0x0C Val: 0x10010008
[inst #228] add $13,$12,$24
Register Write to Reg: 0x0D Val: 0x1001000C
[inst #229] lw $14,0($12)
Register Write to Reg: 0x0E Val: 0x00000005
[inst #230] lw $15,0($13)
Register Write to Reg: 0x0F Val: 0x00000005
[inst #231] slt $1,$15,$14
Register Write to Reg: 0x01 Val: 0x00000000
[inst #232] beq $1,$0,3
[inst #233] addi $10,$10,1
Register Write to Reg: 0x0A Val: 0x00000003
[inst #234] bne $10,$9,-12
[inst #235] sll $11,$10,2
Register Write to Reg: 0x0B Val: 0x0000000C
[inst #236] add $12,$4,$11
Register Write to Reg: 0x0C Val: 0x1001000C
[inst #237] add $13,$12,$24
Register Write to Reg: 0x0D Val: 0x10010010
[inst #238] lw $14,0($12)
Register Write to Reg: 0x0E Val: 0x00000005
[inst #239] lw $15,0($13)
Register Write to Reg: 0x0F Val: 0x00000006
[inst #240] slt $1,$15,$14
Register Write to Reg: 0x01 Val: 0x00000000
[inst #241] beq $1,$0,3
[inst #242] addi $10,$10,1
Register Write to Reg: 0x0A Val: 0x00000004
[inst #243] bne $10,$9,-12
[inst #244] sll $11,$10,2
Register Write to Reg: 0x0B Val: 0x00000010
[inst #245] add $12,$4,$11
Register Write to Reg: 0x0C Val: 0x10010010
[inst #246] add $13,$12,$24
Register Write to Reg: 0x0D Val: 0x10010014
[inst #247] lw $14,0($12)
Register Write to Reg: 0x0E Val: 0x00000006
[inst #248] lw $15,0($13)
Register Write to Reg: 0x0F Val: 0x00000006
[inst #249] slt $1,$15,$14
Register Write to Reg: 0x01 Val: 0x00000000
[inst #250] beq $1,$0,3
[inst #251] addi $10,$10,1
Register Write to Reg: 0x0A Val: 0x00000005
[inst #252] bne $10,$9,-12
[inst #253] sll $11,$10,2
Register Write to Reg: 0x0B Val: 0x00000014
[inst #254] add $12,$4,$11
Register Write to Reg: 0x0C Val: 0x10010014
[inst #255] add $13,$12,$24
Register Write to Reg: 0x0D Val: 0x10010018
[inst #256] lw $14,0($12)
Register Write to Reg: 0x0E Val: 0x00000006
[inst #257] lw $15,0($13)
Register Write to Reg: 0x0F Val: 0x00000009
[inst #258] slt $1,$15,$14
Register Write to Reg: 0x01 Val: 0x00000000
[inst #259] beq $1,$0,3
[inst #260] addi $10,$10,1
Register Write to Reg: 0x0A Val: 0x00000006
[inst #261] bne $10,$9,-12
[inst #262] beq $25,$0,2
[inst #263] halt 

