In clock cycle: 0
Register Write to Reg: 0x01 Val: 0x10010000
In clock cycle: 1
Register Write to Reg: 0x08 Val: 0x10010000
In clock cycle: 2
Register Write to Reg: 0x04 Val: 0x10010000
In clock cycle: 3
Register Write to Reg: 0x01 Val: 0x10010000
In clock cycle: 4
Register Write to Reg: 0x09 Val: 0x00000006
In clock cycle: 5
Register Write to Reg: 0x18 Val: 0x00000004
In clock cycle: 6
Register Write to Reg: 0x19 Val: 0x00000001
In clock cycle: 7
Register Write to Reg: 0x0A Val: 0x00000000
In clock cycle: 8
Register Write to Reg: 0x19 Val: 0x00000000
In clock cycle: 9
Register Write to Reg: 0x0B Val: 0x00000000
In clock cycle: 10
Register Write to Reg: 0x0C Val: 0x10010000
In clock cycle: 11
Register Write to Reg: 0x0D Val: 0x10010004
In clock cycle: 12
Register Write to Reg: 0x0E Val: 0x00000005
In clock cycle: 13
Register Write to Reg: 0x0F Val: 0x00000002
In clock cycle: 14
Register Write to Reg: 0x01 Val: 0x00000001
In clock cycle: 16
Memory Write to Addr: 0x10010004 Val: 0x00000005
In clock cycle: 17
Memory Write to Addr: 0x10010000 Val: 0x00000002
In clock cycle: 18
Register Write to Reg: 0x19 Val: 0x00000001
In clock cycle: 19
Register Write to Reg: 0x0A Val: 0x00000001
In clock cycle: 21
Register Write to Reg: 0x0B Val: 0x00000004
In clock cycle: 22
Register Write to Reg: 0x0C Val: 0x10010004
In clock cycle: 23
Register Write to Reg: 0x0D Val: 0x10010008
In clock cycle: 24
Register Write to Reg: 0x0E Val: 0x00000005
In clock cycle: 25
Register Write to Reg: 0x0F Val: 0x00000009
In clock cycle: 26
Register Write to Reg: 0x01 Val: 0x00000000
In clock cycle: 28
Register Write to Reg: 0x0A Val: 0x00000002
In clock cycle: 30
Register Write to Reg: 0x0B Val: 0x00000008
In clock cycle: 31
Register Write to Reg: 0x0C Val: 0x10010008
In clock cycle: 32
Register Write to Reg: 0x0D Val: 0x1001000C
In clock cycle: 33
Register Write to Reg: 0x0E Val: 0x00000009
In clock cycle: 34
Register Write to Reg: 0x0F Val: 0x00000001
In clock cycle: 35
Register Write to Reg: 0x01 Val: 0x00000001
In clock cycle: 37
Memory Write to Addr: 0x1001000C Val: 0x00000009
In clock cycle: 38
Memory Write to Addr: 0x10010008 Val: 0x00000001
In clock cycle: 39
Register Write to Reg: 0x19 Val: 0x00000001
In clock cycle: 40
Register Write to Reg: 0x0A Val: 0x00000003
In clock cycle: 42
Register Write to Reg: 0x0B Val: 0x0000000C
In clock cycle: 43
Register Write to Reg: 0x0C Val: 0x1001000C
In clock cycle: 44
Register Write to Reg: 0x0D Val: 0x10010010
In clock cycle: 45
Register Write to Reg: 0x0E Val: 0x00000009
In clock cycle: 46
Register Write to Reg: 0x0F Val: 0x00000005
In clock cycle: 47
Register Write to Reg: 0x01 Val: 0x00000001
In clock cycle: 49
Memory Write to Addr: 0x10010010 Val: 0x00000009
In clock cycle: 50
Memory Write to Addr: 0x1001000C Val: 0x00000005
In clock cycle: 51
Register Write to Reg: 0x19 Val: 0x00000001
In clock cycle: 52
Register Write to Reg: 0x0A Val: 0x00000004
In clock cycle: 54
Register Write to Reg: 0x0B Val: 0x00000010
In clock cycle: 55
Register Write to Reg: 0x0C Val: 0x10010010
In clock cycle: 56
Register Write to Reg: 0x0D Val: 0x10010014
In clock cycle: 57
Register Write to Reg: 0x0E Val: 0x00000009
In clock cycle: 58
Register Write to Reg: 0x0F Val: 0x00000006
In clock cycle: 59
Register Write to Reg: 0x01 Val: 0x00000001
In clock cycle: 61
Memory Write to Addr: 0x10010014 Val: 0x00000009
In clock cycle: 62
Memory Write to Addr: 0x10010010 Val: 0x00000006
In clock cycle: 63
Register Write to Reg: 0x19 Val: 0x00000001
In clock cycle: 64
Register Write to Reg: 0x0A Val: 0x00000005
In clock cycle: 66
Register Write to Reg: 0x0B Val: 0x00000014
In clock cycle: 67
Register Write to Reg: 0x0C Val: 0x10010014
In clock cycle: 68
Register Write to Reg: 0x0D Val: 0x10010018
In clock cycle: 69
Register Write to Reg: 0x0E Val: 0x00000009
In clock cycle: 70
Register Write to Reg: 0x0F Val: 0x00000006
In clock cycle: 71
Register Write to Reg: 0x01 Val: 0x00000001
In clock cycle: 73
Memory Write to Addr: 0x10010018 Val: 0x00000009
In clock cycle: 74
Memory Write to Addr: 0x10010014 Val: 0x00000006
In clock cycle: 75
Register Write to Reg: 0x19 Val: 0x00000001
In clock cycle: 76
Register Write to Reg: 0x0A Val: 0x00000006
In clock cycle: 79
Register Write to Reg: 0x0A Val: 0x00000000
In clock cycle: 81
Register Write to Reg: 0x0A Val: 0x00000000
In clock cycle: 82
Register Write to Reg: 0x19 Val: 0x00000000
In clock cycle: 83
Register Write to Reg: 0x0B Val: 0x00000000
In clock cycle: 84
Register Write to Reg: 0x0C Val: 0x10010000
In clock cycle: 85
Register Write to Reg: 0x0D Val: 0x10010004
In clock cycle: 86
Register Write to Reg: 0x0E Val: 0x00000002
In clock cycle: 87
Register Write to Reg: 0x0F Val: 0x00000005
In clock cycle: 88
Register Write to Reg: 0x01 Val: 0x00000000
In clock cycle: 90
Register Write to Reg: 0x0A Val: 0x00000001
In clock cycle: 92
Register Write to Reg: 0x0B Val: 0x00000004
In clock cycle: 93
Register Write to Reg: 0x0C Val: 0x10010004
In clock cycle: 94
Register Write to Reg: 0x0D Val: 0x10010008
In clock cycle: 95
Register Write to Reg: 0x0E Val: 0x00000005
In clock cycle: 96
Register Write to Reg: 0x0F Val: 0x00000001
In clock cycle: 97
Register Write to Reg: 0x01 Val: 0x00000001
In clock cycle: 99
Memory Write to Addr: 0x10010008 Val: 0x00000005
In clock cycle: 100
Memory Write to Addr: 0x10010004 Val: 0x00000001
In clock cycle: 101
Register Write to Reg: 0x19 Val: 0x00000001
In clock cycle: 102
Register Write to Reg: 0x0A Val: 0x00000002
In clock cycle: 104
Register Write to Reg: 0x0B Val: 0x00000008
In clock cycle: 105
Register Write to Reg: 0x0C Val: 0x10010008
In clock cycle: 106
Register Write to Reg: 0x0D Val: 0x1001000C
In clock cycle: 107
Register Write to Reg: 0x0E Val: 0x00000005
In clock cycle: 108
Register Write to Reg: 0x0F Val: 0x00000005
In clock cycle: 109
Register Write to Reg: 0x01 Val: 0x00000000
In clock cycle: 111
Register Write to Reg: 0x0A Val: 0x00000003
In clock cycle: 113
Register Write to Reg: 0x0B Val: 0x0000000C
In clock cycle: 114
Register Write to Reg: 0x0C Val: 0x1001000C
In clock cycle: 115
Register Write to Reg: 0x0D Val: 0x10010010
In clock cycle: 116
Register Write to Reg: 0x0E Val: 0x00000005
In clock cycle: 117
Register Write to Reg: 0x0F Val: 0x00000006
In clock cycle: 118
Register Write to Reg: 0x01 Val: 0x00000000
In clock cycle: 120
Register Write to Reg: 0x0A Val: 0x00000004
In clock cycle: 122
Register Write to Reg: 0x0B Val: 0x00000010
In clock cycle: 123
Register Write to Reg: 0x0C Val: 0x10010010
In clock cycle: 124
Register Write to Reg: 0x0D Val: 0x10010014
In clock cycle: 125
Register Write to Reg: 0x0E Val: 0x00000006
In clock cycle: 126
Register Write to Reg: 0x0F Val: 0x00000006
In clock cycle: 127
Register Write to Reg: 0x01 Val: 0x00000000
In clock cycle: 129
Register Write to Reg: 0x0A Val: 0x00000005
In clock cycle: 131
Register Write to Reg: 0x0B Val: 0x00000014
In clock cycle: 132
Register Write to Reg: 0x0C Val: 0x10010014
In clock cycle: 133
Register Write to Reg: 0x0D Val: 0x10010018
In clock cycle: 134
Register Write to Reg: 0x0E Val: 0x00000006
In clock cycle: 135
Register Write to Reg: 0x0F Val: 0x00000009
In clock cycle: 136
Register Write to Reg: 0x01 Val: 0x00000000
In clock cycle: 138
Register Write to Reg: 0x0A Val: 0x00000006
In clock cycle: 141
Register Write to Reg: 0x0A Val: 0x00000000
In clock cycle: 143
Register Write to Reg: 0x0A Val: 0x00000000
In clock cycle: 144
Register Write to Reg: 0x19 Val: 0x00000000
In clock cycle: 145
Register Write to Reg: 0x0B Val: 0x00000000
In clock cycle: 146
Register Write to Reg: 0x0C Val: 0x10010000
In clock cycle: 147
Register Write to Reg: 0x0D Val: 0x10010004
In clock cycle: 148
Register Write to Reg: 0x0E Val: 0x00000002
In clock cycle: 149
Register Write to Reg: 0x0F Val: 0x00000001
In clock cycle: 150
Register Write to Reg: 0x01 Val: 0x00000001
In clock cycle: 152
Memory Write to Addr: 0x10010004 Val: 0x00000002
In clock cycle: 153
Memory Write to Addr: 0x10010000 Val: 0x00000001
In clock cycle: 154
Register Write to Reg: 0x19 Val: 0x00000001
In clock cycle: 155
Register Write to Reg: 0x0A Val: 0x00000001
In clock cycle: 157
Register Write to Reg: 0x0B Val: 0x00000004
In clock cycle: 158
Register Write to Reg: 0x0C Val: 0x10010004
In clock cycle: 159
Register Write to Reg: 0x0D Val: 0x10010008
In clock cycle: 160
Register Write to Reg: 0x0E Val: 0x00000002
In clock cycle: 161
Register Write to Reg: 0x0F Val: 0x00000005
In clock cycle: 162
Register Write to Reg: 0x01 Val: 0x00000000
In clock cycle: 164
Register Write to Reg: 0x0A Val: 0x00000002
In clock cycle: 166
Register Write to Reg: 0x0B Val: 0x00000008
In clock cycle: 167
Register Write to Reg: 0x0C Val: 0x10010008
In clock cycle: 168
Register Write to Reg: 0x0D Val: 0x1001000C
In clock cycle: 169
Register Write to Reg: 0x0E Val: 0x00000005
In clock cycle: 170
Register Write to Reg: 0x0F Val: 0x00000005
In clock cycle: 171
Register Write to Reg: 0x01 Val: 0x00000000
In clock cycle: 173
Register Write to Reg: 0x0A Val: 0x00000003
In clock cycle: 175
Register Write to Reg: 0x0B Val: 0x0000000C
In clock cycle: 176
Register Write to Reg: 0x0C Val: 0x1001000C
In clock cycle: 177
Register Write to Reg: 0x0D Val: 0x10010010
In clock cycle: 178
Register Write to Reg: 0x0E Val: 0x00000005
In clock cycle: 179
Register Write to Reg: 0x0F Val: 0x00000006
In clock cycle: 180
Register Write to Reg: 0x01 Val: 0x00000000
In clock cycle: 182
Register Write to Reg: 0x0A Val: 0x00000004
In clock cycle: 184
Register Write to Reg: 0x0B Val: 0x00000010
In clock cycle: 185
Register Write to Reg: 0x0C Val: 0x10010010
In clock cycle: 186
Register Write to Reg: 0x0D Val: 0x10010014
In clock cycle: 187
Register Write to Reg: 0x0E Val: 0x00000006
In clock cycle: 188
Register Write to Reg: 0x0F Val: 0x00000006
In clock cycle: 189
Register Write to Reg: 0x01 Val: 0x00000000
In clock cycle: 191
Register Write to Reg: 0x0A Val: 0x00000005
In clock cycle: 193
Register Write to Reg: 0x0B Val: 0x00000014
In clock cycle: 194
Register Write to Reg: 0x0C Val: 0x10010014
In clock cycle: 195
Register Write to Reg: 0x0D Val: 0x10010018
In clock cycle: 196
Register Write to Reg: 0x0E Val: 0x00000006
In clock cycle: 197
Register Write to Reg: 0x0F Val: 0x00000009
In clock cycle: 198
Register Write to Reg: 0x01 Val: 0x00000000
In clock cycle: 200
Register Write to Reg: 0x0A Val: 0x00000006
In clock cycle: 203
Register Write to Reg: 0x0A Val: 0x00000000
In clock cycle: 205
Register Write to Reg: 0x0A Val: 0x00000000
In clock cycle: 206
Register Write to Reg: 0x19 Val: 0x00000000
In clock cycle: 207
Register Write to Reg: 0x0B Val: 0x00000000
In clock cycle: 208
Register Write to Reg: 0x0C Val: 0x10010000
In clock cycle: 209
Register Write to Reg: 0x0D Val: 0x10010004
In clock cycle: 210
Register Write to Reg: 0x0E Val: 0x00000001
In clock cycle: 211
Register Write to Reg: 0x0F Val: 0x00000002
In clock cycle: 212
Register Write to Reg: 0x01 Val: 0x00000000
In clock cycle: 214
Register Write to Reg: 0x0A Val: 0x00000001
In clock cycle: 216
Register Write to Reg: 0x0B Val: 0x00000004
In clock cycle: 217
Register Write to Reg: 0x0C Val: 0x10010004
In clock cycle: 218
Register Write to Reg: 0x0D Val: 0x10010008
In clock cycle: 219
Register Write to Reg: 0x0E Val: 0x00000002
In clock cycle: 220
Register Write to Reg: 0x0F Val: 0x00000005
In clock cycle: 221
Register Write to Reg: 0x01 Val: 0x00000000
In clock cycle: 223
Register Write to Reg: 0x0A Val: 0x00000002
In clock cycle: 225
Register Write to Reg: 0x0B Val: 0x00000008
In clock cycle: 226
Register Write to Reg: 0x0C Val: 0x10010008
In clock cycle: 227
Register Write to Reg: 0x0D Val: 0x1001000C
In clock cycle: 228
Register Write to Reg: 0x0E Val: 0x00000005
In clock cycle: 229
Register Write to Reg: 0x0F Val: 0x00000005
In clock cycle: 230
Register Write to Reg: 0x01 Val: 0x00000000
In clock cycle: 232
Register Write to Reg: 0x0A Val: 0x00000003
In clock cycle: 234
Register Write to Reg: 0x0B Val: 0x0000000C
In clock cycle: 235
Register Write to Reg: 0x0C Val: 0x1001000C
In clock cycle: 236
Register Write to Reg: 0x0D Val: 0x10010010
In clock cycle: 237
Register Write to Reg: 0x0E Val: 0x00000005
In clock cycle: 238
Register Write to Reg: 0x0F Val: 0x00000006
In clock cycle: 239
Register Write to Reg: 0x01 Val: 0x00000000
In clock cycle: 241
Register Write to Reg: 0x0A Val: 0x00000004
In clock cycle: 243
Register Write to Reg: 0x0B Val: 0x00000010
In clock cycle: 244
Register Write to Reg: 0x0C Val: 0x10010010
In clock cycle: 245
Register Write to Reg: 0x0D Val: 0x10010014
In clock cycle: 246
Register Write to Reg: 0x0E Val: 0x00000006
In clock cycle: 247
Register Write to Reg: 0x0F Val: 0x00000006
In clock cycle: 248
Register Write to Reg: 0x01 Val: 0x00000000
In clock cycle: 250
Register Write to Reg: 0x0A Val: 0x00000005
In clock cycle: 252
Register Write to Reg: 0x0B Val: 0x00000014
In clock cycle: 253
Register Write to Reg: 0x0C Val: 0x10010014
In clock cycle: 254
Register Write to Reg: 0x0D Val: 0x10010018
In clock cycle: 255
Register Write to Reg: 0x0E Val: 0x00000006
In clock cycle: 256
Register Write to Reg: 0x0F Val: 0x00000009
In clock cycle: 257
Register Write to Reg: 0x01 Val: 0x00000000
In clock cycle: 259
Register Write to Reg: 0x0A Val: 0x00000006
Execution is stopping! Clock Cycle: 262
