[inst #1] lui $1,4097
Register Write to Reg: 0x01 Val: 0x10010000
[inst #2] ori $8,$1,0
Register Write to Reg: 0x08 Val: 0x10010000
[inst #3] add $4,$8,$0
Register Write to Reg: 0x04 Val: 0x10010000
[inst #4] lw $9,24($1)
Register Write to Reg: 0x09 Val: 0x00000006
[inst #5] addiu $24,$0,4
Register Write to Reg: 0x18 Val: 0x00000004
[inst #6] addiu $25,$0,1
Register Write to Reg: 0x19 Val: 0x00000001
[inst #7] addiu $10,$0,0
Register Write to Reg: 0x0A Val: 0x00000000
[inst #8] addiu $25,$0,0
Register Write to Reg: 0x19 Val: 0x00000000
[inst #9] sll $11,$10,2
Register Write to Reg: 0x0B Val: 0x00000000
[inst #10] add $12,$4,$11
Register Write to Reg: 0x0C Val: 0x10010000
[inst #11] add $13,$12,$24
Register Write to Reg: 0x0D Val: 0x10010004
[inst #12] lw $14,0($12)
Register Write to Reg: 0x0E Val: 0x00000005
[inst #13] lw $15,0($13)
Register Write to Reg: 0x0F Val: 0x00000002
[inst #14] slt $1,$15,$14
Register Write to Reg: 0x01 Val: 0x00000001
[inst #15] beq $1,$0,3
[inst #16] sw $14,0($13)
Memory Write to Addr: 0x10010004 Val: 0x00000005
[inst #17] sw $15,0($12)
Memory Write to Addr: 0x10010000 Val: 0x00000002
[inst #18] addiu $25,$0,1
Register Write to Reg: 0x19 Val: 0x00000001
[inst #19] addi $10,$10,1
Register Write to Reg: 0x0A Val: 0x00000001
[inst #20] bne $10,$9,-12
[inst #21] sll $11,$10,2
Register Write to Reg: 0x0B Val: 0x00000004
[inst #22] add $12,$4,$11
Register Write to Reg: 0x0C Val: 0x10010004
[inst #23] add $13,$12,$24
Register Write to Reg: 0x0D Val: 0x10010008
[inst #24] lw $14,0($12)
Register Write to Reg: 0x0E Val: 0x00000005
[inst #25] lw $15,0($13)
Register Write to Reg: 0x0F Val: 0x00000009
[inst #26] slt $1,$15,$14
Register Write to Reg: 0x01 Val: 0x00000000
[inst #27] beq $1,$0,3
[inst #28] addi $10,$10,1
Register Write to Reg: 0x0A Val: 0x00000002
[inst #29] bne $10,$9,-12
[inst #30] sll $11,$10,2
Register Write to Reg: 0x0B Val: 0x00000008
[inst #31] add $12,$4,$11
Register Write to Reg: 0x0C Val: 0x10010008
[inst #32] add $13,$12,$24
Register Write to Reg: 0x0D Val: 0x1001000C
[inst #33] lw $14,0($12)
Register Write to Reg: 0x0E Val: 0x00000009
[inst #34] lw $15,0($13)
Register Write to Reg: 0x0F Val: 0x00000001
[inst #35] slt $1,$15,$14
Register Write to Reg: 0x01 Val: 0x00000001
[inst #36] beq $1,$0,3
[inst #37] sw $14,0($13)
Memory Write to Addr: 0x1001000C Val: 0x00000009
[inst #38] sw $15,0($12)
Memory Write to Addr: 0x10010008 Val: 0x00000001
[inst #39] addiu $25,$0,1
Register Write to Reg: 0x19 Val: 0x00000001
[inst #40] addi $10,$10,1
Register Write to Reg: 0x0A Val: 0x00000003
[inst #41] bne $10,$9,-12
[inst #42] sll $11,$10,2
Register Write to Reg: 0x0B Val: 0x0000000C
[inst #43] add $12,$4,$11
Register Write to Reg: 0x0C Val: 0x1001000C
[inst #44] add $13,$12,$24
Register Write to Reg: 0x0D Val: 0x10010010
[inst #45] lw $14,0($12)
Register Write to Reg: 0x0E Val: 0x00000009
[inst #46] lw $15,0($13)
Register Write to Reg: 0x0F Val: 0x00000005
[inst #47] slt $1,$15,$14
Register Write to Reg: 0x01 Val: 0x00000001
[inst #48] beq $1,$0,3
[inst #49] sw $14,0($13)
Memory Write to Addr: 0x10010010 Val: 0x00000009
[inst #50] sw $15,0($12)
Memory Write to Addr: 0x1001000C Val: 0x00000005
[inst #51] addiu $25,$0,1
Register Write to Reg: 0x19 Val: 0x00000001
[inst #52] addi $10,$10,1
Register Write to Reg: 0x0A Val: 0x00000004
[inst #53] bne $10,$9,-12
[inst #54] sll $11,$10,2
Register Write to Reg: 0x0B Val: 0x00000010
[inst #55] add $12,$4,$11
Register Write to Reg: 0x0C Val: 0x10010010
[inst #56] add $13,$12,$24
Register Write to Reg: 0x0D Val: 0x10010014
[inst #57] lw $14,0($12)
Register Write to Reg: 0x0E Val: 0x00000009
[inst #58] lw $15,0($13)
Register Write to Reg: 0x0F Val: 0x00000006
[inst #59] slt $1,$15,$14
Register Write to Reg: 0x01 Val: 0x00000001
[inst #60] beq $1,$0,3
[inst #61] sw $14,0($13)
Memory Write to Addr: 0x10010014 Val: 0x00000009
[inst #62] sw $15,0($12)
Memory Write to Addr: 0x10010010 Val: 0x00000006
[inst #63] addiu $25,$0,1
Register Write to Reg: 0x19 Val: 0x00000001
[inst #64] addi $10,$10,1
Register Write to Reg: 0x0A Val: 0x00000005
[inst #65] bne $10,$9,-12
[inst #66] sll $11,$10,2
Register Write to Reg: 0x0B Val: 0x00000014
[inst #67] add $12,$4,$11
Register Write to Reg: 0x0C Val: 0x10010014
[inst #68] add $13,$12,$24
Register Write to Reg: 0x0D Val: 0x10010018
[inst #69] lw $14,0($12)
Register Write to Reg: 0x0E Val: 0x00000009
[inst #70] lw $15,0($13)
Register Write to Reg: 0x0F Val: 0x00000006
[inst #71] slt $1,$15,$14
Register Write to Reg: 0x01 Val: 0x00000001
[inst #72] beq $1,$0,3
[inst #73] sw $14,0($13)
Memory Write to Addr: 0x10010018 Val: 0x00000009
[inst #74] sw $15,0($12)
Memory Write to Addr: 0x10010014 Val: 0x00000006
[inst #75] addiu $25,$0,1
Register Write to Reg: 0x19 Val: 0x00000001
[inst #76] addi $10,$10,1
Register Write to Reg: 0x0A Val: 0x00000006
[inst #77] bne $10,$9,-12
[inst #78] beq $25,$0,2
[inst #79] addiu $10,$0,0
Register Write to Reg: 0x0A Val: 0x00000000
[inst #80] j 4194328
[inst #81] addiu $10,$0,0
Register Write to Reg: 0x0A Val: 0x00000000
[inst #82] addiu $25,$0,0
Register Write to Reg: 0x19 Val: 0x00000000
[inst #83] sll $11,$10,2
Register Write to Reg: 0x0B Val: 0x00000000
[inst #84] add $12,$4,$11
Register Write to Reg: 0x0C Val: 0x10010000
[inst #85] add $13,$12,$24
Register Write to Reg: 0x0D Val: 0x10010004
[inst #86] lw $14,0($12)
Register Write to Reg: 0x0E Val: 0x00000002
[inst #87] lw $15,0($13)
Register Write to Reg: 0x0F Val: 0x00000005
[inst #88] slt $1,$15,$14
Register Write to Reg: 0x01 Val: 0x00000000
[inst #89] beq $1,$0,3
[inst #90] addi $10,$10,1
Register Write to Reg: 0x0A Val: 0x00000001
[inst #91] bne $10,$9,-12
[inst #92] sll $11,$10,2
Register Write to Reg: 0x0B Val: 0x00000004
[inst #93] add $12,$4,$11
Register Write to Reg: 0x0C Val: 0x10010004
[inst #94] add $13,$12,$24
Register Write to Reg: 0x0D Val: 0x10010008
[inst #95] lw $14,0($12)
Register Write to Reg: 0x0E Val: 0x00000005
[inst #96] lw $15,0($13)
Register Write to Reg: 0x0F Val: 0x00000001
[inst #97] slt $1,$15,$14
Register Write to Reg: 0x01 Val: 0x00000001
[inst #98] beq $1,$0,3
[inst #99] sw $14,0($13)
Memory Write to Addr: 0x10010008 Val: 0x00000005
[inst #100] sw $15,0($12)
Memory Write to Addr: 0x10010004 Val: 0x00000001
[inst #101] addiu $25,$0,1
Register Write to Reg: 0x19 Val: 0x00000001
[inst #102] addi $10,$10,1
Register Write to Reg: 0x0A Val: 0x00000002
[inst #103] bne $10,$9,-12
[inst #104] sll $11,$10,2
Register Write to Reg: 0x0B Val: 0x00000008
[inst #105] add $12,$4,$11
Register Write to Reg: 0x0C Val: 0x10010008
[inst #106] add $13,$12,$24
Register Write to Reg: 0x0D Val: 0x1001000C
[inst #107] lw $14,0($12)
Register Write to Reg: 0x0E Val: 0x00000005
[inst #108] lw $15,0($13)
Register Write to Reg: 0x0F Val: 0x00000005
[inst #109] slt $1,$15,$14
Register Write to Reg: 0x01 Val: 0x00000000
[inst #110] beq $1,$0,3
[inst #111] addi $10,$10,1
Register Write to Reg: 0x0A Val: 0x00000003
[inst #112] bne $10,$9,-12
[inst #113] sll $11,$10,2
Register Write to Reg: 0x0B Val: 0x0000000C
[inst #114] add $12,$4,$11
Register Write to Reg: 0x0C Val: 0x1001000C
[inst #115] add $13,$12,$24
Register Write to Reg: 0x0D Val: 0x10010010
[inst #116] lw $14,0($12)
Register Write to Reg: 0x0E Val: 0x00000005
[inst #117] lw $15,0($13)
Register Write to Reg: 0x0F Val: 0x00000006
[inst #118] slt $1,$15,$14
Register Write to Reg: 0x01 Val: 0x00000000
[inst #119] beq $1,$0,3
[inst #120] addi $10,$10,1
Register Write to Reg: 0x0A Val: 0x00000004
[inst #121] bne $10,$9,-12
[inst #122] sll $11,$10,2
Register Write to Reg: 0x0B Val: 0x00000010
[inst #123] add $12,$4,$11
Register Write to Reg: 0x0C Val: 0x10010010
[inst #124] add $13,$12,$24
Register Write to Reg: 0x0D Val: 0x10010014
[inst #125] lw $14,0($12)
Register Write to Reg: 0x0E Val: 0x00000006
[inst #126] lw $15,0($13)
Register Write to Reg: 0x0F Val: 0x00000006
[inst #127] slt $1,$15,$14
Register Write to Reg: 0x01 Val: 0x00000000
[inst #128] beq $1,$0,3
[inst #129] addi $10,$10,1
Register Write to Reg: 0x0A Val: 0x00000005
[inst #130] bne $10,$9,-12
[inst #131] sll $11,$10,2
Register Write to Reg: 0x0B Val: 0x00000014
[inst #132] add $12,$4,$11
Register Write to Reg: 0x0C Val: 0x10010014
[inst #133] add $13,$12,$24
Register Write to Reg: 0x0D Val: 0x10010018
[inst #134] lw $14,0($12)
Register Write to Reg: 0x0E Val: 0x00000006
[inst #135] lw $15,0($13)
Register Write to Reg: 0x0F Val: 0x00000009
[inst #136] slt $1,$15,$14
Register Write to Reg: 0x01 Val: 0x00000000
[inst #137] beq $1,$0,3
[inst #138] addi $10,$10,1
Register Write to Reg: 0x0A Val: 0x00000006
[inst #139] bne $10,$9,-12
[inst #140] beq $25,$0,2
[inst #141] addiu $10,$0,0
Register Write to Reg: 0x0A Val: 0x00000000
[inst #142] j 4194328
[inst #143] addiu $10,$0,0
Register Write to Reg: 0x0A Val: 0x00000000
[inst #144] addiu $25,$0,0
Register Write to Reg: 0x19 Val: 0x00000000
[inst #145] sll $11,$10,2
Register Write to Reg: 0x0B Val: 0x00000000
[inst #146] add $12,$4,$11
Register Write to Reg: 0x0C Val: 0x10010000
[inst #147] add $13,$12,$24
Register Write to Reg: 0x0D Val: 0x10010004
[inst #148] lw $14,0($12)
Register Write to Reg: 0x0E Val: 0x00000002
[inst #149] lw $15,0($13)
Register Write to Reg: 0x0F Val: 0x00000001
[inst #150] slt $1,$15,$14
Register Write to Reg: 0x01 Val: 0x00000001
[inst #151] beq $1,$0,3
[inst #152] sw $14,0($13)
Memory Write to Addr: 0x10010004 Val: 0x00000002
[inst #153] sw $15,0($12)
Memory Write to Addr: 0x10010000 Val: 0x00000001
[inst #154] addiu $25,$0,1
Register Write to Reg: 0x19 Val: 0x00000001
[inst #155] addi $10,$10,1
Register Write to Reg: 0x0A Val: 0x00000001
[inst #156] bne $10,$9,-12
[inst #157] sll $11,$10,2
Register Write to Reg: 0x0B Val: 0x00000004
[inst #158] add $12,$4,$11
Register Write to Reg: 0x0C Val: 0x10010004
[inst #159] add $13,$12,$24
Register Write to Reg: 0x0D Val: 0x10010008
[inst #160] lw $14,0($12)
Register Write to Reg: 0x0E Val: 0x00000002
[inst #161] lw $15,0($13)
Register Write to Reg: 0x0F Val: 0x00000005
[inst #162] slt $1,$15,$14
Register Write to Reg: 0x01 Val: 0x00000000
[inst #163] beq $1,$0,3
[inst #164] addi $10,$10,1
Register Write to Reg: 0x0A Val: 0x00000002
[inst #165] bne $10,$9,-12
[inst #166] sll $11,$10,2
Register Write to Reg: 0x0B Val: 0x00000008
[inst #167] add $12,$4,$11
Register Write to Reg: 0x0C Val: 0x10010008
[inst #168] add $13,$12,$24
Register Write to Reg: 0x0D Val: 0x1001000C
[inst #169] lw $14,0($12)
Register Write to Reg: 0x0E Val: 0x00000005
[inst #170] lw $15,0($13)
Register Write to Reg: 0x0F Val: 0x00000005
[inst #171] slt $1,$15,$14
Register Write to Reg: 0x01 Val: 0x00000000
[inst #172] beq $1,$0,3
[inst #173] addi $10,$10,1
Register Write to Reg: 0x0A Val: 0x00000003
[inst #174] bne $10,$9,-12
[inst #175] sll $11,$10,2
Register Write to Reg: 0x0B Val: 0x0000000C
[inst #176] add $12,$4,$11
Register Write to Reg: 0x0C Val: 0x1001000C
[inst #177] add $13,$12,$24
Register Write to Reg: 0x0D Val: 0x10010010
[inst #178] lw $14,0($12)
Register Write to Reg: 0x0E Val: 0x00000005
[inst #179] lw $15,0($13)
Register Write to Reg: 0x0F Val: 0x00000006
[inst #180] slt $1,$15,$14
Register Write to Reg: 0x01 Val: 0x00000000
[inst #181] beq $1,$0,3
[inst #182] addi $10,$10,1
Register Write to Reg: 0x0A Val: 0x00000004
[inst #183] bne $10,$9,-12
[inst #184] sll $11,$10,2
Register Write to Reg: 0x0B Val: 0x00000010
[inst #185] add $12,$4,$11
Register Write to Reg: 0x0C Val: 0x10010010
[inst #186] add $13,$12,$24
Register Write to Reg: 0x0D Val: 0x10010014
[inst #187] lw $14,0($12)
Register Write to Reg: 0x0E Val: 0x00000006
[inst #188] lw $15,0($13)
Register Write to Reg: 0x0F Val: 0x00000006
[inst #189] slt $1,$15,$14
Register Write to Reg: 0x01 Val: 0x00000000
[inst #190] beq $1,$0,3
[inst #191] addi $10,$10,1
Register Write to Reg: 0x0A Val: 0x00000005
[inst #192] bne $10,$9,-12
[inst #193] sll $11,$10,2
Register Write to Reg: 0x0B Val: 0x00000014
[inst #194] add $12,$4,$11
Register Write to Reg: 0x0C Val: 0x10010014
[inst #195] add $13,$12,$24
Register Write to Reg: 0x0D Val: 0x10010018
[inst #196] lw $14,0($12)
Register Write to Reg: 0x0E Val: 0x00000006
[inst #197] lw $15,0($13)
Register Write to Reg: 0x0F Val: 0x00000009
[inst #198] slt $1,$15,$14
Register Write to Reg: 0x01 Val: 0x00000000
[inst #199] beq $1,$0,3
[inst #200] addi $10,$10,1
Register Write to Reg: 0x0A Val: 0x00000006
[inst #201] bne $10,$9,-12
[inst #202] beq $25,$0,2
[inst #203] addiu $10,$0,0
Register Write to Reg: 0x0A Val: 0x00000000
[inst #204] j 4194328
[inst #205] addiu $10,$0,0
Register Write to Reg: 0x0A Val: 0x00000000
[inst #206] addiu $25,$0,0
Register Write to Reg: 0x19 Val: 0x00000000
[inst #207] sll $11,$10,2
Register Write to Reg: 0x0B Val: 0x00000000
[inst #208] add $12,$4,$11
Register Write to Reg: 0x0C Val: 0x10010000
[inst #209] add $13,$12,$24
Register Write to Reg: 0x0D Val: 0x10010004
[inst #210] lw $14,0($12)
Register Write to Reg: 0x0E Val: 0x00000001
[inst #211] lw $15,0($13)
Register Write to Reg: 0x0F Val: 0x00000002
[inst #212] slt $1,$15,$14
Register Write to Reg: 0x01 Val: 0x00000000
[inst #213] beq $1,$0,3
[inst #214] addi $10,$10,1
Register Write to Reg: 0x0A Val: 0x00000001
[inst #215] bne $10,$9,-12
[inst #216] sll $11,$10,2
Register Write to Reg: 0x0B Val: 0x00000004
[inst #217] add $12,$4,$11
Register Write to Reg: 0x0C Val: 0x10010004
[inst #218] add $13,$12,$24
Register Write to Reg: 0x0D Val: 0x10010008
[inst #219] lw $14,0($12)
Register Write to Reg: 0x0E Val: 0x00000002
[inst #220] lw $15,0($13)
Register Write to Reg: 0x0F Val: 0x00000005
[inst #221] slt $1,$15,$14
Register Write to Reg: 0x01 Val: 0x00000000
[inst #222] beq $1,$0,3
[inst #223] addi $10,$10,1
Register Write to Reg: 0x0A Val: 0x00000002
[inst #224] bne $10,$9,-12
[inst #225] sll $11,$10,2
Register Write to Reg: 0x0B Val: 0x00000008
[inst #226] add $12,$4,$11
Register Write to Reg: 0x0C Val: 0x10010008
[inst #227] add $13,$12,$24
Register Write to Reg: 0x0D Val: 0x1001000C
[inst #228] lw $14,0($12)
Register Write to Reg: 0x0E Val: 0x00000005
[inst #229] lw $15,0($13)
Register Write to Reg: 0x0F Val: 0x00000005
[inst #230] slt $1,$15,$14
Register Write to Reg: 0x01 Val: 0x00000000
[inst #231] beq $1,$0,3
[inst #232] addi $10,$10,1
Register Write to Reg: 0x0A Val: 0x00000003
[inst #233] bne $10,$9,-12
[inst #234] sll $11,$10,2
Register Write to Reg: 0x0B Val: 0x0000000C
[inst #235] add $12,$4,$11
Register Write to Reg: 0x0C Val: 0x1001000C
[inst #236] add $13,$12,$24
Register Write to Reg: 0x0D Val: 0x10010010
[inst #237] lw $14,0($12)
Register Write to Reg: 0x0E Val: 0x00000005
[inst #238] lw $15,0($13)
Register Write to Reg: 0x0F Val: 0x00000006
[inst #239] slt $1,$15,$14
Register Write to Reg: 0x01 Val: 0x00000000
[inst #240] beq $1,$0,3
[inst #241] addi $10,$10,1
Register Write to Reg: 0x0A Val: 0x00000004
[inst #242] bne $10,$9,-12
[inst #243] sll $11,$10,2
Register Write to Reg: 0x0B Val: 0x00000010
[inst #244] add $12,$4,$11
Register Write to Reg: 0x0C Val: 0x10010010
[inst #245] add $13,$12,$24
Register Write to Reg: 0x0D Val: 0x10010014
[inst #246] lw $14,0($12)
Register Write to Reg: 0x0E Val: 0x00000006
[inst #247] lw $15,0($13)
Register Write to Reg: 0x0F Val: 0x00000006
[inst #248] slt $1,$15,$14
Register Write to Reg: 0x01 Val: 0x00000000
[inst #249] beq $1,$0,3
[inst #250] addi $10,$10,1
Register Write to Reg: 0x0A Val: 0x00000005
[inst #251] bne $10,$9,-12
[inst #252] sll $11,$10,2
Register Write to Reg: 0x0B Val: 0x00000014
[inst #253] add $12,$4,$11
Register Write to Reg: 0x0C Val: 0x10010014
[inst #254] add $13,$12,$24
Register Write to Reg: 0x0D Val: 0x10010018
[inst #255] lw $14,0($12)
Register Write to Reg: 0x0E Val: 0x00000006
[inst #256] lw $15,0($13)
Register Write to Reg: 0x0F Val: 0x00000009
[inst #257] slt $1,$15,$14
Register Write to Reg: 0x01 Val: 0x00000000
[inst #258] beq $1,$0,3
[inst #259] addi $10,$10,1
Register Write to Reg: 0x0A Val: 0x00000006
[inst #260] bne $10,$9,-12
[inst #261] beq $25,$0,2
[inst #262] halt 

