In clock cycle: 3
Register Write to Reg: 0x00 Val: 0x00000000
In clock cycle: 4
Register Write to Reg: 0x01 Val: 0x10010000
In clock cycle: 5
Register Write to Reg: 0x00 Val: 0x00000000
In clock cycle: 6
Register Write to Reg: 0x00 Val: 0x00000000
In clock cycle: 7
Register Write to Reg: 0x1D Val: 0x10011000
In clock cycle: 8
Register Write to Reg: 0x1E Val: 0x00000000
In clock cycle: 9
Register Write to Reg: 0x01 Val: 0x00400000
In clock cycle: 10
Register Write to Reg: 0x00 Val: 0x00000000
In clock cycle: 11
Register Write to Reg: 0x00 Val: 0x00000000
In clock cycle: 12
Register Write to Reg: 0x1F Val: 0x00400018
In clock cycle: 14
Register Write to Reg: 0x00 Val: 0x00000000
Execution is stopping! Clock Cycle: 15
