Flow report for 50mHz_To_1Hz
Mon Dec  5 13:49:10 2022
Quartus Prime Version 21.1.1 Build 850 06/23/2022 SJ Standard Edition


---------------------
; Table of Contents ;
---------------------
  1. Legal Notice
  2. Flow Summary
  3. Flow Settings
  4. Flow Non-Default Global Settings
  5. Flow Elapsed Time
  6. Flow OS Summary
  7. Flow Log
  8. Flow Messages
  9. Flow Suppressed Messages



----------------
; Legal Notice ;
----------------
Copyright (C) 2022  Intel Corporation. All rights reserved.
Your use of Intel Corporation's design tools, logic functions 
and other software and tools, and any partner logic 
functions, and any output files from any of the foregoing 
(including device programming or simulation files), and any 
associated documentation or information are expressly subject 
to the terms and conditions of the Intel Program License 
Subscription Agreement, the Intel Quartus Prime License Agreement,
the Intel FPGA IP License Agreement, or other applicable license
agreement, including, without limitation, that your use is for
the sole purpose of programming logic devices manufactured by
Intel and sold by Intel or its authorized distributors.  Please
refer to the applicable agreement for further details, at
https://fpgasoftware.intel.com/eula.



+--------------------------------------------------------------------------------------+
; Flow Summary                                                                         ;
+------------------------------------+-------------------------------------------------+
; Flow Status                        ; Successful - Mon Dec  5 13:49:06 2022           ;
; Quartus Prime Version              ; 21.1.1 Build 850 06/23/2022 SJ Standard Edition ;
; Revision Name                      ; 50mHz_To_1Hz                                    ;
; Top-level Entity Name              ; Converter_50mHz_To_1Hz                          ;
; Family                             ; Cyclone IV E                                    ;
; Total logic elements               ; 56 / 6,272 ( < 1 % )                            ;
;     Total combinational functions  ; 56 / 6,272 ( < 1 % )                            ;
;     Dedicated logic registers      ; 33 / 6,272 ( < 1 % )                            ;
; Total registers                    ; 33                                              ;
; Total pins                         ; 2 / 92 ( 2 % )                                  ;
; Total virtual pins                 ; 0                                               ;
; Total memory bits                  ; 0 / 276,480 ( 0 % )                             ;
; Embedded Multiplier 9-bit elements ; 0 / 30 ( 0 % )                                  ;
; Total PLLs                         ; 0 / 2 ( 0 % )                                   ;
; Device                             ; EP4CE6E22C6                                     ;
; Timing Models                      ; Final                                           ;
+------------------------------------+-------------------------------------------------+


+-----------------------------------------+
; Flow Settings                           ;
+-------------------+---------------------+
; Option            ; Setting             ;
+-------------------+---------------------+
; Start date & time ; 12/05/2022 13:48:51 ;
; Main task         ; Compilation         ;
; Revision Name     ; 50mHz_To_1Hz        ;
+-------------------+---------------------+


+------------------------------------------------------------------------------------------------------------------------------------+
; Flow Non-Default Global Settings                                                                                                   ;
+-------------------------------------+----------------------------------------+---------------+------------------------+------------+
; Assignment Name                     ; Value                                  ; Default Value ; Entity Name            ; Section Id ;
+-------------------------------------+----------------------------------------+---------------+------------------------+------------+
; COMPILER_SIGNATURE_ID               ; 194042950825716.167026973110168        ; --            ; --                     ; --         ;
; PARTITION_COLOR                     ; -- (Not supported for targeted family) ; --            ; Converter_50mHz_To_1Hz ; Top        ;
; PARTITION_FITTER_PRESERVATION_LEVEL ; -- (Not supported for targeted family) ; --            ; Converter_50mHz_To_1Hz ; Top        ;
; PARTITION_NETLIST_TYPE              ; -- (Not supported for targeted family) ; --            ; Converter_50mHz_To_1Hz ; Top        ;
; PROJECT_OUTPUT_DIRECTORY            ; output_files                           ; --            ; --                     ; --         ;
; TOP_LEVEL_ENTITY                    ; Converter_50mHz_To_1Hz                 ; 50mHz_To_1Hz  ; --                     ; --         ;
+-------------------------------------+----------------------------------------+---------------+------------------------+------------+


+--------------------------------------------------------------------------------------------------------------------------+
; Flow Elapsed Time                                                                                                        ;
+----------------------+--------------+-------------------------+---------------------+------------------------------------+
; Module Name          ; Elapsed Time ; Average Processors Used ; Peak Virtual Memory ; Total CPU Time (on all processors) ;
+----------------------+--------------+-------------------------+---------------------+------------------------------------+
; Analysis & Synthesis ; 00:00:07     ; 1.0                     ; 4811 MB             ; 00:00:15                           ;
; Fitter               ; 00:00:04     ; 1.0                     ; 5878 MB             ; 00:00:03                           ;
; Assembler            ; 00:00:01     ; 1.0                     ; 4708 MB             ; 00:00:00                           ;
; Timing Analyzer      ; 00:00:03     ; 1.0                     ; 4818 MB             ; 00:00:01                           ;
; Total                ; 00:00:15     ; --                      ; --                  ; 00:00:19                           ;
+----------------------+--------------+-------------------------+---------------------+------------------------------------+


+------------------------------------------------------------------------------------+
; Flow OS Summary                                                                    ;
+----------------------+------------------+------------+------------+----------------+
; Module Name          ; Machine Hostname ; OS Name    ; OS Version ; Processor type ;
+----------------------+------------------+------------+------------+----------------+
; Analysis & Synthesis ; CO2042-01        ; Windows 10 ; 10.0       ; x86_64         ;
; Fitter               ; CO2042-01        ; Windows 10 ; 10.0       ; x86_64         ;
; Assembler            ; CO2042-01        ; Windows 10 ; 10.0       ; x86_64         ;
; Timing Analyzer      ; CO2042-01        ; Windows 10 ; 10.0       ; x86_64         ;
+----------------------+------------------+------------+------------+----------------+


------------
; Flow Log ;
------------
quartus_map --read_settings_files=on --write_settings_files=off 50mHz_To_1Hz -c 50mHz_To_1Hz
quartus_fit --read_settings_files=off --write_settings_files=off 50mHz_To_1Hz -c 50mHz_To_1Hz
quartus_asm --read_settings_files=off --write_settings_files=off 50mHz_To_1Hz -c 50mHz_To_1Hz
quartus_sta 50mHz_To_1Hz -c 50mHz_To_1Hz



