QuestaSim-64 vcom 2023.2_2 Compiler 2023.06 Jun  9 2023
Start time: 11:22:27 on Nov 08,2023
vcom -2008 -work internal/ModelSimContainer/work proj/src/MIPS_types.vhd internal/testpy/tb.vhd proj/src/MIPS_types.vhd proj/src/TopLevel/SLT.vhd proj/src/TopLevel/RegFile.vhd proj/src/TopLevel/BranchChecker.vhd proj/src/TopLevel/Barrel_Shifter.vhd proj/src/TopLevel/ControlUnit.vhd proj/src/TopLevel/NorG.vhd proj/src/TopLevel/decoder5x32.vhd proj/src/TopLevel/Adder_32bits.vhd proj/src/TopLevel/ADD.vhd proj/src/TopLevel/andg2.vhd proj/src/TopLevel/org2.vhd proj/src/TopLevel/ADDU.vhd proj/src/TopLevel/dffg.vhd proj/src/TopLevel/ZeroExtender.vhd proj/src/TopLevel/mux16t1.vhd proj/src/TopLevel/MIPS_Processor.vhd proj/src/TopLevel/bus_array.vhd proj/src/TopLevel/SUBU.vhd proj/src/TopLevel/ALU.vhd proj/src/TopLevel/mux16t1_32bit.vhd proj/src/TopLevel/LUI.vhd proj/src/TopLevel/AndG.vhd proj/src/TopLevel/invg.vhd proj/src/TopLevel/SLL2_32bits.vhd proj/src/TopLevel/mux2t1_N.vhd proj/src/TopLevel/mux2t1.vhd proj/src/TopLevel/SignExtender.vhd proj/src/TopLevel/OrG.vhd proj/src/TopLevel/SUB.vhd proj/src/TopLevel/mux32x1.vhd proj/src/TopLevel/Reg_N.vhd proj/src/TopLevel/Add4.vhd proj/src/TopLevel/mem.vhd proj/src/TopLevel/XorG.vhd 
-- Loading package STANDARD
-- Loading package TEXTIO
-- Loading package std_logic_1164
-- Compiling package MIPS_types
-- Compiling package body MIPS_types
-- Loading package MIPS_types
-- Loading package std_logic_textio
-- Loading package ENV
-- Compiling entity tb
-- Compiling architecture mixed of tb
** Warning: proj/src/MIPS_types.vhd(15): (vcom-1615) Existing package 'MIPS_types' at line 15 will be overwritten.
-- Compiling package MIPS_types
** Warning: proj/src/MIPS_types.vhd(31): (vcom-1615) Existing package body 'MIPS_types(body)' at line 31 will be overwritten.
-- Compiling package body MIPS_types
-- Loading package MIPS_types
-- Loading package std_logic_arith
-- Compiling entity SLT
-- Compiling architecture dataflow of SLT
-- Loading package MIPS_types
-- Compiling entity RegFile
-- Compiling architecture structural of RegFile
-- Compiling entity BranchChecker
-- Compiling architecture dataflow of BranchChecker
-- Compiling entity Barrel_Shifter
-- Compiling architecture dataflow of Barrel_Shifter
-- Compiling entity ControlUnit
-- Compiling architecture behavioral of ControlUnit
-- Compiling entity NorG
-- Compiling architecture dataflow of NorG
-- Loading package STD_LOGIC_UNSIGNED
-- Compiling entity decoder5x32
-- Compiling architecture dataflow of decoder5x32
-- Compiling entity Adder_32bits
-- Compiling architecture dataflow of Adder_32bits
-- Compiling entity ADD
-- Compiling architecture dataflow of ADD
-- Compiling entity andg2
-- Compiling architecture dataflow of andg2
-- Compiling entity org2
-- Compiling architecture dataflow of org2
-- Compiling entity ADDU
-- Compiling architecture dataflow of ADDU
-- Compiling entity dffg
-- Compiling architecture mixed of dffg
-- Compiling entity ZeroExtender
-- Compiling architecture behavioral of ZeroExtender
** Warning: proj/src/TopLevel/ZeroExtender.vhd(11): (vcom-1514) Range choice direction (downto) does not determine aggregate index range direction (to).
-- Compiling entity mux16t1
-- Compiling architecture dataflow of mux16t1
-- Compiling entity MIPS_Processor
-- Compiling architecture structure of MIPS_Processor
** Error (suppressible): proj/src/TopLevel/MIPS_Processor.vhd(390): (vcom-1272) Length of expected is 124; length of actual is 157.
** Error (suppressible): proj/src/TopLevel/MIPS_Processor.vhd(417): (vcom-1272) Length of expected is 81; length of actual is 114.
** Error: proj/src/TopLevel/MIPS_Processor.vhd(417): (vcom-1167) Index value 156 (of type ieee.std_logic_1164.STD_LOGIC_VECTOR) is out of range 123 downto 0.
** Error: proj/src/TopLevel/MIPS_Processor.vhd(417): (vcom-1167) Index value 124 (of type ieee.std_logic_1164.STD_LOGIC_VECTOR) is out of range 123 downto 0.
** Error: proj/src/TopLevel/MIPS_Processor.vhd(431): (vcom-1167) Index value 113 (of type ieee.std_logic_1164.STD_LOGIC_VECTOR) is out of range 80 downto 0.
** Error: proj/src/TopLevel/MIPS_Processor.vhd(453): (vcom-1152) Index value 111 is out of index range 78 downto 0 of ieee.std_logic_1164.STD_LOGIC_VECTOR.
** Error: proj/src/TopLevel/MIPS_Processor.vhd(455): (vcom-1167) Index value 110 (of type ieee.std_logic_1164.STD_LOGIC_VECTOR) is out of range 78 downto 0.
** Error: proj/src/TopLevel/MIPS_Processor.vhd(455): (vcom-1167) Index value 79 (of type ieee.std_logic_1164.STD_LOGIC_VECTOR) is out of range 78 downto 0.
** Error: proj/src/TopLevel/MIPS_Processor.vhd(467): (vcom-1152) Index value 111 is out of index range 78 downto 0 of ieee.std_logic_1164.STD_LOGIC_VECTOR.
** Error: proj/src/TopLevel/MIPS_Processor.vhd(473): (vcom-1152) Index value 111 is out of index range 78 downto 0 of ieee.std_logic_1164.STD_LOGIC_VECTOR.
** Note: proj/src/TopLevel/MIPS_Processor.vhd(482): VHDL Compiler exiting
End time: 11:22:27 on Nov 08,2023, Elapsed time: 0:00:00
Errors: 10, Warnings: 3
